20230401	17:42:58	250f53ec-54ca-4b19-be53-26e0dda286b7	TypeError	Cannot destructure property 'quizId' of 'req.body' as it is undefined.	POST,	/quiz	undefined
20230401	17:55:58	d97194b7-684f-4efc-abd3-04c2fdb822b7	TypeError	Cannot destructure property 'quizId' of 'req.body' as it is undefined.	POST,	/quiz	undefined
20230401	17:58:18	a875544e-3078-4d29-85a7-aced0c2589f7	TypeError	Cannot destructure property 'quizId' of 'req.body' as it is undefined.	POST,	/quiz	undefined
20230401	17:58:43	f0bf21c2-615f-4e04-9248-fafc39ad3114	TypeError	Cannot destructure property 'quizId' of 'req.body' as it is undefined.	POST,	/quiz	undefined
20230401	18:00:59	2eba55ae-05a4-4ef4-87a3-9d057f0752ce	TypeError	Cannot destructure property 'quizId' of 'req.body' as it is undefined.	POST,	/quiz	undefined
20230401	18:03:27	06ac9eaa-737d-4843-9c2d-f8cdc5ecb4e2	TypeError	Cannot destructure property 'quizId' of 'req.body' as it is undefined.	POST,	/quiz	undefined
20230401	23:49:54	000e9466-700f-4ef9-8690-ec0c1f6117fc	ValidationError	Quiz validation failed: quizGrade: Path `quizGrade` is required.	POST,	/quiz	undefined
20230401	23:53:12	e705ba2b-e782-47e9-99eb-c7e98b696bbf	SyntaxError	Unexpected token } in JSON at position 27	DELETE,	/quiz	undefined
20230401	23:53:25	96eedfa3-ecbc-4d23-9469-d9e20428fa1b	ObjectParameterError	Parameter "filter" to findOne() must be an object, got 0987654321	DELETE,	/quiz	undefined
20230402	14:37:11	a7a0dc68-8ba0-4174-980d-8ae0d1bcc0c9	ValidationError	Quiz validation failed: quizId: Path `quizId` is required., quizGrade: Path `quizGrade` is required., quizDuration: Path `quizDuration` is required.	POST,	/quiz	http://localhost:3000
20230402	14:46:25	f5f62a8b-d7fc-4dde-956e-e21c17e1963d	ValidationError	Quiz validation failed: quizId: Path `quizId` is required., quizGrade: Path `quizGrade` is required., quizDuration: Path `quizDuration` is required.	POST,	/quiz	http://localhost:3000
20230402	14:49:32	6fe2bc71-589e-4ac1-b3d5-80a0be5d1cbf	ValidationError	Quiz validation failed: quizId: Path `quizId` is required., quizGrade: Path `quizGrade` is required., quizDuration: Path `quizDuration` is required.	POST,	/quiz	http://localhost:3000
20230402	14:54:00	9889ba92-da17-4a16-865c-52342d426a4f	ValidationError	Quiz validation failed: quizId: Path `quizId` is required., quizGrade: Path `quizGrade` is required., quizDuration: Path `quizDuration` is required.	POST,	/quiz	http://localhost:3000
20230402	14:56:25	ae61c855-b70d-4502-a721-2dc6584c737f	ValidationError	Quiz validation failed: quizId: Path `quizId` is required., quizGrade: Path `quizGrade` is required., quizDuration: Path `quizDuration` is required.	POST,	/quiz	http://localhost:3000
20230402	14:58:01	76a3b76f-bf7e-46af-9f36-cb9671b9c786	ValidationError	Quiz validation failed: quizId: Path `quizId` is required., quizGrade: Path `quizGrade` is required., quizDuration: Path `quizDuration` is required.	POST,	/quiz	http://localhost:3000
20230402	15:10:09	2a9c6a23-5516-4aa5-8d76-5ef29236acef	ValidationError	Quiz validation failed: quizId: Path `quizId` is required., quizGrade: Path `quizGrade` is required., quizDuration: Path `quizDuration` is required.	POST,	/quiz	http://localhost:3000
20230402	15:13:50	95ec7c30-1238-463e-86c1-d0b27f120707	ValidationError	Quiz validation failed: quizGrade: Path `quizGrade` is required., quizDuration: Path `quizDuration` is required.	POST,	/quiz	http://localhost:3000
20230402	15:20:13	59cfcc9b-7bc3-4c6d-b302-e99b2b96a1cf	ValidationError	Quiz validation failed: quizDuration: Cast to Number failed for value "02:00" (type string) at path "quizDuration"	POST,	/quiz	http://localhost:3000
20230402	15:31:24	0b2d7561-7e75-4bc9-9764-640b1d1994e8	TypeError	Cannot read properties of null (reading 'deleteOne')	DELETE,	/quiz	undefined
20230403	15:01:40	25a51272-473e-4b7e-9886-001bf19dc32a	BSONError	Cannot convert circular structure to BSON	PATCH,	/answere	undefined
20230403	15:12:37	011539ba-3f98-43d3-98ef-c9d5cbc54cbe	BSONError	Cannot convert circular structure to BSON	PATCH,	/answere	undefined
