20230401	16:54:39	f14ab5a6-2e5b-4452-8450-6ead0b65718d	GET	/	undefined
20230401	17:36:52	87ce0650-b061-4212-8f3e-6602f5ad01b5	GET	/quiz	undefined
20230401	17:42:58	0acd3693-de36-4de2-ba6f-0730d8433144	POST	/quiz	undefined
20230401	17:55:58	d69761c5-16b2-4e5d-bc84-a2bf841fc252	POST	/quiz	undefined
20230401	17:58:18	29beff2d-d275-4e38-8582-6267a0c9f8b0	POST	/quiz	undefined
20230401	17:58:43	65e49343-f60e-4554-96ee-da013e803c4c	POST	/quiz	undefined
20230401	18:00:58	b0de9b87-db57-455e-b382-25a405869c0e	POST	/quiz	undefined
20230401	18:03:27	d8c8d739-715b-44c1-8590-00756cd6474f	POST	/quiz	undefined
20230401	23:42:52	c79d1ce8-6e7a-4298-9b3b-5dec19c591ab	GET	/	undefined
20230401	23:42:57	c9b2a3c9-33a4-4dc7-976e-983d7ba06f53	GET	/quiz	undefined
20230401	23:42:57	31bcacd4-a6c9-4e38-9e98-3a02e7790083	GET	/favicon.ico	undefined
20230401	23:45:49	7cfe1aa5-1906-47ab-b0ab-8c68a4723589	POST	/quiz	undefined
20230401	23:48:20	dad2e24b-60c0-4a28-856b-0803ff51bd5d	POST	/quiz	undefined
20230401	23:49:15	8a2d4a6f-20cf-4d4c-9760-c29852204bb9	POST	/quiz	undefined
20230401	23:49:54	8bf754b5-f9f7-4566-9ada-f0c7e9720fe4	POST	/quiz	undefined
20230401	23:50:19	ff4c31c7-3edf-46ee-b99a-f69eec5ce3e6	POST	/quiz	undefined
20230401	23:50:32	6d16ba07-9d1f-44bd-9106-e45e153f86e4	GET	/quiz	undefined
20230401	23:51:16	bdc4ec59-799d-448a-b4d9-adc01be04e32	DELETE	/quiz	undefined
20230401	23:51:43	8008a8b5-a790-44fe-9efd-8773ef439a9d	POST	/quiz	undefined
20230401	23:52:55	2786ebb7-2c91-4d0a-aed8-b842386ca2a8	GET	/quiz	undefined
20230401	23:53:12	31fb93e1-3a4a-4315-9bac-46acd8b62b75	DELETE	/quiz	undefined
20230401	23:53:25	68e722de-c25c-4d6c-a77d-da68b4927b06	DELETE	/quiz	undefined
20230401	23:54:06	b80baee3-8237-421a-b645-c4fe0108f4d4	DELETE	/quiz	undefined
20230401	23:54:14	595379ca-ea33-4257-97eb-48988c2ac58a	GET	/quiz	undefined
20230401	23:54:28	eef20c3a-4173-4cb7-b9bc-e9d18c33ec03	POST	/quiz	undefined
20230402	00:06:12	49de032f-483a-4127-9fc3-54a9b9bcf137	GET	/quiz	undefined
20230402	00:08:45	71763d0b-e2d4-4281-97b6-ab0e1161d3a6	PATCH	/quiz	undefined
20230402	00:08:52	92003ba2-dfe1-4dff-8e55-2a728e29c69f	GET	/quiz	undefined
20230402	00:55:57	9e3c013d-f197-4943-b92b-5e4884b5ba4d	POST	/quiz	undefined
20230402	00:56:03	c843f66e-a899-4b86-9a3a-54ffb33b582f	GET	/quiz	undefined
20230402	00:56:48	9ba381be-7ff8-4c4a-b807-492b7a366709	GET	/quiz	undefined
20230402	01:24:02	cd81037c-0459-45e9-9867-6115afb1afda	GET	/quiz	undefined
20230402	01:42:37	4e3a5cc5-85f1-4b3b-87ae-ff5df9e83e55	GET	/quiz	http://localhost:3000
20230402	01:42:37	8b10857b-55b7-470d-84b6-55ce46305cb4	GET	/quiz	http://localhost:3000
20230402	01:42:41	2e74ba0d-1772-4d29-99d1-37edbb289419	GET	/quiz	http://localhost:3000
20230402	01:42:41	6de1eb4f-4ff4-4062-b684-0242b23b15e5	GET	/quiz	http://localhost:3000
20230402	01:44:01	5d19865e-791e-40f9-8705-85d1bcfa1659	GET	/quiz	http://localhost:3000
20230402	01:44:01	4f869b1c-8498-4cc5-a7d3-8e7d89681105	GET	/quiz	http://localhost:3000
20230402	01:44:05	577e6197-95c3-4d31-9aa4-32f25849216d	GET	/quiz	http://localhost:3000
20230402	01:44:05	ed900694-4e62-4dab-9668-ab1253b4ab3c	GET	/quiz	http://localhost:3000
20230402	01:51:23	95b1aefd-0666-4e32-97f6-2430f9ece090	GET	/quiz	undefined
20230402	01:51:28	ff11d61a-ec3b-4fce-92eb-217728490758	POST	/quiz	undefined
20230402	01:51:38	00555f28-ade0-4b35-886a-916915138566	GET	/quiz	http://localhost:3000
20230402	01:51:38	04f754ff-ca24-4dd7-978a-76e10636abde	GET	/quiz	http://localhost:3000
20230402	01:57:01	7f7729a7-ba8d-4cad-9099-ca0b73781a74	POST	/quiz	undefined
20230402	01:57:40	aae14fe3-a486-49bb-946a-e1d344f65049	DELETE	/quiz	undefined
20230402	01:57:54	3f5f8695-3535-499e-8455-e6a1a77bd9a0	GET	/quiz	undefined
20230402	01:58:07	65353990-e4c5-46a4-a441-1af775a8cb78	POST	/quiz	undefined
20230402	01:58:14	d8d3f297-129c-4425-b092-05d4d927aed2	GET	/quiz	http://localhost:3000
20230402	01:58:14	35babd53-d18f-4afe-ba27-98c059e9f157	GET	/quiz	http://localhost:3000
20230402	02:02:38	a707fc48-e2b2-4a17-8452-996f0f694d4c	GET	/quiz	http://localhost:3000
20230402	02:02:38	7cb507f9-aba9-47d0-8f38-16fd65629188	GET	/quiz	http://localhost:3000
20230402	02:14:50	a0a16144-00f6-4e3c-a336-e0054d480245	GET	/quiz	http://localhost:3000
20230402	02:14:50	ca75be23-b7f1-4791-9302-5b8c7e2e4818	GET	/quiz	http://localhost:3000
20230402	02:36:47	fda7ad1c-c3da-481f-a316-02b9ab4c3812	GET	/quiz	http://localhost:3000
20230402	02:36:47	fbbf8379-7b69-4356-b4f6-74676e4ad51c	GET	/quiz	http://localhost:3000
20230402	02:36:49	5899d37f-da27-4cf0-bfa7-26efbc022a80	GET	/quiz	http://localhost:3000
20230402	02:36:49	50dfc8d6-6662-4b7b-89f3-eaec26bd6795	GET	/quiz	http://localhost:3000
20230402	02:36:52	1ad0b486-675f-46f5-99a6-9d0ad4c9029b	GET	/quiz	http://localhost:3000
20230402	02:36:52	e82f3aed-37a1-436e-9da5-f088f63dbb75	GET	/quiz	http://localhost:3000
20230402	02:55:29	3f9d33a2-1168-4f27-b7ae-05b4eb51822c	GET	/quiz	http://localhost:3000
20230402	02:55:29	d95392c2-2be0-4f79-966f-a828e1c63858	GET	/quiz	http://localhost:3000
20230402	03:09:44	e117dd67-51bc-4034-85a1-7475440a4fe5	GET	/quiz	http://localhost:3000
20230402	03:09:44	4b060a9d-25f2-4d30-85b6-d361b2480322	GET	/quiz	http://localhost:3000
20230402	03:13:43	476e8c5a-17f8-471a-aeb0-04360be3f3df	GET	/quiz	http://localhost:3000
20230402	03:13:43	a3556dfe-5a43-4484-92c0-26b84268007d	GET	/quiz	http://localhost:3000
20230402	03:15:12	6cf77a5f-3da4-4a69-a7a8-7e83bc7a884d	GET	/quiz	http://localhost:3000
20230402	03:15:12	b75f2d75-333e-4d30-9f52-21aa626b6c5c	GET	/quiz	http://localhost:3000
20230402	03:20:57	af2e9569-4313-4b59-a04e-4a77aa2b789a	GET	/quiz	http://localhost:3000
20230402	03:20:57	9a2f0802-f779-4298-bc13-cc16f2e9a32b	GET	/quiz	http://localhost:3000
20230402	03:31:24	ca6c2aff-f734-4d69-bfa5-bb8bb8912a2c	GET	/quiz	http://localhost:3000
20230402	03:31:24	da9833cd-8e1f-4a4a-b628-fe11847658c9	GET	/quiz	http://localhost:3000
20230402	03:31:26	f25cb58f-5b1e-48e5-8db2-fd09a1517254	GET	/quiz	http://localhost:3000
20230402	03:31:26	57ff6108-115c-4aee-83b7-d06843f9a968	GET	/quiz	http://localhost:3000
20230402	14:18:51	f2ae41ca-6993-4e5d-b8c0-5da730531979	GET	/quiz	http://localhost:3000
20230402	14:18:51	d0240aaa-2923-499c-912e-6426da4d0e3d	GET	/quiz	http://localhost:3000
20230402	14:18:54	b74d24ee-298f-4223-ad15-4af4bf97c9b5	GET	/quiz	http://localhost:3000
20230402	14:18:54	88758d93-4a15-49b5-a40e-66c24931334c	GET	/quiz	http://localhost:3000
20230402	14:28:58	c7ac35b8-0860-46a9-8c79-0eebbcbf2271	GET	/quiz	http://localhost:3000
20230402	14:28:58	73938671-3ca1-4df6-8f9d-87931a938658	GET	/quiz	http://localhost:3000
20230402	14:35:36	2b48d4cc-d9b4-477a-8206-34fdd4fc3bc4	GET	/quiz	http://localhost:3000
20230402	14:35:36	13baedf9-0c79-4a8b-9274-ea9ec5ff8059	GET	/quiz	http://localhost:3000
20230402	14:37:11	56e1fc35-cbb8-4925-9749-c941dde6f295	OPTIONS	/quiz	http://localhost:3000
20230402	14:37:11	2ca96f23-cbb0-40c6-ad71-8f4ab47c2f4a	POST	/quiz	http://localhost:3000
20230402	14:37:54	e9509859-19bf-4eaa-a438-9b6d3db3181a	GET	/quiz	http://localhost:3000
20230402	14:37:54	fce77724-aee5-4890-afe0-20119a4a21e5	GET	/quiz	http://localhost:3000
20230402	14:38:36	e5dcea4d-bb90-45a1-b18e-7b7c49dc0e2c	GET	/quiz	http://localhost:3000
20230402	14:38:36	00c7a4ff-dcf0-4f7a-86e3-2f8254392dd0	GET	/quiz	http://localhost:3000
20230402	14:38:44	0b2708f5-e04a-4f9b-8747-907afd05337c	GET	/quiz	http://localhost:3000
20230402	14:38:44	6b056cc2-7f7c-4184-924b-359cffaa1235	GET	/quiz	http://localhost:3000
20230402	14:45:25	90d4d069-3308-41b1-9763-99c17ea69845	GET	/quiz	http://localhost:3000
20230402	14:45:25	2ff0853e-9af3-499d-8d56-55833e8a086d	GET	/quiz	http://localhost:3000
20230402	14:46:25	ac9c48a5-be13-48fb-b818-32c97e758f60	OPTIONS	/quiz	http://localhost:3000
20230402	14:46:25	a0f4f1fc-2d4a-4e78-b320-5cdb5950aa70	POST	/quiz	http://localhost:3000
20230402	14:49:32	d8ddccca-0aef-4a85-bfa0-f8782bafc38f	OPTIONS	/quiz	http://localhost:3000
20230402	14:49:32	771bbccd-0bb7-4a6a-92ce-e59730a1b06f	POST	/quiz	http://localhost:3000
20230402	14:54:00	66952434-b789-4a61-b848-2e6a5d7177a1	OPTIONS	/quiz	http://localhost:3000
20230402	14:54:00	28b0273f-f280-4cf6-b26c-d3985f9fac50	POST	/quiz	http://localhost:3000
20230402	14:56:25	dcb9d391-cbff-404f-a9ea-4b3049c61236	OPTIONS	/quiz	http://localhost:3000
20230402	14:56:25	5efa2331-1b85-4a03-bfe9-870f68be7376	POST	/quiz	http://localhost:3000
20230402	14:58:01	4e8d1194-7ed8-46d6-be9b-2679f050b77c	OPTIONS	/quiz	http://localhost:3000
20230402	14:58:01	21169877-0dd3-49e4-94bd-3407011eed51	POST	/quiz	http://localhost:3000
20230402	15:09:10	495521a4-a30f-42f7-8600-3517f2653ab0	GET	/quiz	http://localhost:3000
20230402	15:09:10	70235e3d-252e-4334-bc1d-261614fe85b9	GET	/quiz	http://localhost:3000
20230402	15:09:12	03797bfb-1e25-40ed-a8de-bfa2556a78c1	GET	/quiz	http://localhost:3000
20230402	15:09:12	3adb0f49-0f99-4d33-819f-a4990800ed83	GET	/quiz	http://localhost:3000
20230402	15:10:09	e82aa7ee-24af-4e43-aa7a-af3894bff3dd	OPTIONS	/quiz	http://localhost:3000
20230402	15:10:09	90cdb77a-43fb-43a3-8399-b03617b102a9	POST	/quiz	http://localhost:3000
20230402	15:10:51	10f710ed-deb2-446e-b52d-7eed5106dc57	GET	/quiz	http://localhost:3000
20230402	15:10:51	9fe283e5-0aee-425b-94c7-d35dcd82e936	GET	/quiz	http://localhost:3000
20230402	15:12:28	c303a977-f249-4dc4-ade8-f8ec6307823b	GET	/quiz	http://localhost:3000
20230402	15:12:28	44ec430c-a3b2-4f17-a832-8621d5a15dc6	GET	/quiz	http://localhost:3000
20230402	15:12:42	8cf88214-46fa-4c27-9b11-d6b2d75fe9da	GET	/quiz	http://localhost:3000
20230402	15:12:42	e63f7167-1bfb-4f22-b9d8-2d86df358773	GET	/quiz	http://localhost:3000
20230402	15:12:46	e63c30ea-d372-46eb-9747-7a0a8a87fef9	GET	/quiz	http://localhost:3000
20230402	15:12:46	4b453012-7b08-4aec-af37-3be5f640704f	GET	/quiz	http://localhost:3000
20230402	15:13:50	e4f55ca1-af9a-4212-9598-0b866be484bf	OPTIONS	/quiz	http://localhost:3000
20230402	15:13:50	9fb0b957-1f35-44ea-8fa0-7bb28818f2a0	POST	/quiz	http://localhost:3000
20230402	15:14:15	07a90e9d-8f7a-4645-8ac1-f547b611dda4	GET	/quiz	http://localhost:3000
20230402	15:14:15	39654385-39c3-4cc5-bbb9-b240298902e9	GET	/quiz	http://localhost:3000
20230402	15:14:36	f8782aea-9e09-422d-803e-62f92fab5cc2	GET	/quiz	http://localhost:3000
20230402	15:14:36	ac75ded9-7ec3-4eff-9799-19a66fc570b9	GET	/quiz	http://localhost:3000
20230402	15:19:10	84b36980-4345-4bed-9c22-8fa2a1a11888	GET	/quiz	http://localhost:3000
20230402	15:19:10	40496d6a-5949-49e0-970b-97147baccc30	GET	/quiz	http://localhost:3000
20230402	15:20:13	b557c313-89d0-472f-984b-f77bd923a70f	OPTIONS	/quiz	http://localhost:3000
20230402	15:20:13	0cee9b7e-4672-46c8-8fbc-f6c16bc7fe4f	POST	/quiz	http://localhost:3000
20230402	15:20:29	57c825f9-632d-491f-80b2-d96cedf3dd49	GET	/quiz	http://localhost:3000
20230402	15:20:29	520117d2-941e-4baf-8016-4a89b6ad62f1	GET	/quiz	http://localhost:3000
20230402	15:23:00	bfbdced4-c23b-4f37-a6f9-6c0adc4ebb92	OPTIONS	/quiz	http://localhost:3000
20230402	15:23:00	a1ec09bf-680a-49f6-96ae-9039953f1884	POST	/quiz	http://localhost:3000
20230402	15:23:08	d22e09d8-ba79-4ff5-b2da-ef9bd9c54e2d	GET	/quiz	http://localhost:3000
20230402	15:23:09	18c5f992-f018-4250-9aea-f1e215815e8f	GET	/quiz	http://localhost:3000
20230402	15:23:52	a595da43-27b4-49c1-af51-e9d1e55bc8e5	GET	/quiz	undefined
20230402	15:23:53	8fc49270-2017-49b7-8891-294ef0052a2c	GET	/favicon.ico	undefined
20230402	15:25:24	4d100640-e161-4031-b6dc-a322a73a2cc2	GET	/quiz	undefined
20230402	15:26:41	6aaa2e88-e5bb-43b6-a529-bc1c4d617819	GET	/quiz	http://localhost:3000
20230402	15:26:41	d51f612e-ee94-4e7e-9f84-001c0bc505bd	GET	/quiz	http://localhost:3000
20230402	15:27:57	5ab43a57-1e91-447b-9c4b-4f128c660d9a	OPTIONS	/quiz	http://localhost:3000
20230402	15:27:57	110aa8fa-4d8c-4713-9c7c-7b5f6e0f84e4	POST	/quiz	http://localhost:3000
20230402	15:28:17	2203e127-1369-4cdd-a6af-5338fcc69dc5	GET	/quiz	http://localhost:3000
20230402	15:28:17	73ab2e26-7d31-4f60-9c5d-088cc38926bd	GET	/quiz	http://localhost:3000
20230402	15:29:24	6b2ae037-82ff-4bb7-b86f-074606af226d	GET	/quiz	http://localhost:3000
20230402	15:29:24	5d5426cf-0cd9-415e-8e02-d6dabc63e1d7	GET	/quiz	http://localhost:3000
20230402	15:29:48	36e8e70b-077b-45d5-8273-e1e5bc4143bf	GET	/quiz	undefined
20230402	15:30:10	6d86c89a-d441-4c9d-863f-95583dd6322b	POST	/quiz	undefined
20230402	15:30:18	19553e25-7365-4f0f-acc1-b5671b7d0900	DELETE	/quiz	undefined
20230402	15:30:28	cd7abae0-db3c-4855-b026-1beae7981e44	GET	/quiz	undefined
20230402	15:30:49	99295f71-d69d-4a1b-af85-32f1ce03b62e	DELETE	/quiz	undefined
20230402	15:31:03	a2f6815e-3b99-43b1-8212-bf7adbfdf10e	GET	/quiz	undefined
20230402	15:31:21	8fd11c6d-14d6-4510-9317-e296c9ac8e1a	DELETE	/quiz	undefined
20230402	15:31:24	c71132a8-18e4-4d12-b2b4-625c69a8ba3f	DELETE	/quiz	undefined
20230402	15:35:19	ecb35cec-a038-470e-a055-d92a458f1dde	GET	/quiz	http://localhost:3000
20230402	15:35:19	d95d00df-5cb7-4e7c-bb25-82ef82b68478	GET	/quiz	http://localhost:3000
20230402	15:37:21	1481ca93-263b-48d4-a60c-36070e5028ef	OPTIONS	/quiz	http://localhost:3000
20230402	15:37:21	e6137413-94b0-4662-9ede-0ba718d33476	POST	/quiz	http://localhost:3000
20230402	15:37:30	3874c161-48d0-4789-abd1-0d21fcd24430	GET	/quiz	http://localhost:3000
20230402	15:37:30	80d68189-e61d-4315-8a5e-b32c13892bb4	GET	/quiz	http://localhost:3000
20230402	15:38:31	de8127c9-76af-42e0-bdf8-b2a14fb0b7c9	GET	/quiz	http://localhost:3000
20230402	15:38:31	3e80628c-9b0c-438d-b791-5439a9dc2dbb	GET	/quiz	http://localhost:3000
20230402	15:38:41	a41c5890-d3e1-4321-8701-3ca01b14565f	GET	/quiz	undefined
20230402	15:38:57	78e8b5fc-0a6e-4c8d-8b32-614ba079f185	DELETE	/quiz	undefined
20230402	15:39:09	d7686a9d-79a7-479b-a23d-c78ffe02252c	GET	/quiz	undefined
20230402	15:39:13	6f59c14d-5c2d-4cc3-a57d-92c3fb84ae0e	GET	/quiz	http://localhost:3000
20230402	15:39:13	c848dc72-8c1f-42dc-99ce-f4d9484acff8	GET	/quiz	http://localhost:3000
20230402	15:40:43	db498828-8bd4-4103-8e68-4e8ca8bf8839	GET	/quiz	http://localhost:3000
20230402	15:40:43	033e07e5-1b75-465e-a441-f0d12a3ee60e	GET	/quiz	http://localhost:3000
20230402	15:50:04	c83cd851-d2f1-4ea1-96fb-e3a12f28113f	OPTIONS	/quiz	http://localhost:3000
20230402	15:50:04	ac8a03ef-d39f-41c3-b2a8-03fe38f8c1da	POST	/quiz	http://localhost:3000
20230402	15:50:08	d757962c-7297-4137-9f99-a1f39fc2f8fe	GET	/quiz	http://localhost:3000
20230402	15:50:08	217303a9-4f36-43f7-bc22-959b1e1e42c8	GET	/quiz	http://localhost:3000
20230402	15:54:40	fb56449d-e077-44e0-a31d-bcd389bb14bd	GET	/quiz	http://localhost:3000
20230402	15:54:40	1214955e-6607-4f92-9244-838503a9c1f6	GET	/quiz	http://localhost:3000
20230402	15:55:45	beae0497-fcb5-49fb-ab35-e4897a5459e5	OPTIONS	/quiz	http://localhost:3000
20230402	15:55:45	4fc72699-3071-418e-aa25-97277dccadce	POST	/quiz	http://localhost:3000
20230402	15:55:51	a930342d-29df-431a-a4c5-a7b9cdaa7556	GET	/quiz	http://localhost:3000
20230402	15:55:51	7fa27e8f-19b3-4393-8863-e11fda66a80e	GET	/quiz	http://localhost:3000
20230402	16:05:53	82a5474a-1baa-4ff3-9170-cd31222672aa	OPTIONS	/quiz	http://localhost:3000
20230402	16:05:53	bfd62a36-be7e-4743-b46f-20432f8ce9f0	POST	/quiz	http://localhost:3000
20230402	16:12:45	80478145-c993-46ce-b379-01b9bc7cc2b8	GET	/quiz	http://localhost:3000
20230402	16:12:45	a3ab1dc5-d509-425f-8866-f49778371a81	GET	/quiz	http://localhost:3000
20230402	16:14:06	288a51af-a391-4e20-b7c6-d2435dadb1c5	OPTIONS	/quiz	http://localhost:3000
20230402	16:14:06	8c589475-c7e9-45bb-aaca-5a729ba22fca	POST	/quiz	http://localhost:3000
20230402	16:14:22	7398c256-9040-40e0-a0d7-151bf5f85b9b	GET	/quiz	http://localhost:3000
20230402	16:14:22	5a6577c7-a107-42d8-a6da-ee94cdbd148b	GET	/quiz	http://localhost:3000
20230402	16:15:05	a614357c-65be-47ab-9830-a24fce41b914	OPTIONS	/quiz	http://localhost:3000
20230402	16:15:05	2d7c711e-e6a1-4763-bac8-0ec3754dd0a8	POST	/quiz	http://localhost:3000
20230402	16:17:34	724fe71f-dab3-4f5e-b6c7-b0d5379b6635	GET	/quiz	http://localhost:3000
20230402	16:17:34	92b27e67-0e71-4557-9481-6fa9d10ea8a5	GET	/quiz	http://localhost:3000
20230402	16:18:31	4d3c0728-7dd0-43a0-bc2d-e213da45ed3d	OPTIONS	/quiz	http://localhost:3000
20230402	16:18:31	455ce62e-0662-431c-872e-82f02a6d4dad	POST	/quiz	http://localhost:3000
20230402	16:23:31	502fb497-8798-42e2-828a-b91f44f5e34f	OPTIONS	/quiz	http://localhost:3000
20230402	16:23:31	72656570-975a-4b7d-8cf1-7646879e076f	POST	/quiz	http://localhost:3000
20230402	16:24:12	fb1c9912-3a0d-41a0-87b1-c1897501d9b0	GET	/quiz	http://localhost:3000
20230402	16:24:12	51625934-81e2-4790-8a84-5f40ac85de09	GET	/quiz	http://localhost:3000
20230402	16:24:37	1778c0cf-a853-4719-84ac-e91d1148b33b	GET	/quiz	http://localhost:3000
20230402	16:24:37	372d7b8e-c80a-4139-80ea-21a6e02ad76b	GET	/quiz	http://localhost:3000
20230402	16:26:48	49e13a6a-9c05-47dc-87c6-b392bc2f7808	GET	/quiz	undefined
20230402	16:27:30	94c516ef-2703-427f-9a24-2958fee0d758	DELETE	/quiz	undefined
20230402	16:27:35	3db693f0-cb66-4db5-8022-35a1594b5915	GET	/quiz	undefined
20230402	16:27:54	8dbd97b3-d777-4abe-a393-0be1bb19572f	DELETE	/quiz	undefined
20230402	16:28:01	5266be00-369f-4ba5-a86c-526494171524	GET	/quiz	undefined
20230402	16:28:26	481490ab-eb41-4e9d-88f9-aa78be98f013	GET	/quiz	undefined
20230402	16:28:31	3ca14407-7675-4c40-8647-83810eb07ff6	DELETE	/quiz	undefined
20230402	16:28:39	8f9fa6e1-b3c4-4601-a769-20047e0abe10	GET	/quiz	undefined
20230402	16:28:57	3251b394-1a02-4e0d-8c62-f7cfd4f4755c	DELETE	/quiz	undefined
20230402	16:29:06	3188fb14-9f9d-47ee-946d-5825684bf57b	GET	/quiz	undefined
20230402	16:29:27	9edf7809-e4e8-452c-b235-f5518988a1d5	DELETE	/quiz	undefined
20230402	16:29:31	8cb9f47e-6a87-4469-9726-1e0a8405f6ab	GET	/quiz	undefined
20230402	16:29:54	0d0241c9-ec3f-4a9b-8701-f8fe3d904703	DELETE	/quiz	undefined
20230402	16:30:00	ad4b6909-a836-4c31-967a-1beda9c14ee7	GET	/quiz	undefined
20230402	16:30:16	f2550298-4262-4f61-9ef4-3d687df07c7f	DELETE	/quiz	undefined
20230402	16:30:29	bf222ed4-77a5-44e0-9b2a-4fb263fc2cda	GET	/quiz	http://localhost:3000
20230402	16:30:29	d2eb5185-66ad-4934-bb70-a713bffe0bef	GET	/quiz	http://localhost:3000
20230402	16:36:07	33022788-b16f-4a45-b20e-71ea053d95c9	OPTIONS	/quiz	http://localhost:3000
20230402	16:36:07	0dcc5317-4da3-47e0-aff2-86ee128152a0	POST	/quiz	http://localhost:3000
20230402	16:36:15	2f2199f5-ca3d-4dde-adc9-2bb57b892bdb	GET	/quiz	http://localhost:3000
20230402	16:36:15	d45283d2-3df2-4a05-badb-4b22dfacd0c4	GET	/quiz	http://localhost:3000
20230402	16:45:02	cdf9fcf7-c7ac-4558-8f80-051e8f8c4274	GET	/quiz	http://localhost:3000
20230402	16:45:02	c0b00b13-f226-4825-9d03-a8708e81aea7	GET	/quiz	http://localhost:3000
20230402	19:20:53	78cdc0ed-4043-473c-a287-3c7a8a66135c	GET	/quiz	http://localhost:3000
20230402	19:20:53	8e0cacb3-1def-4439-9439-8a7cc2061024	GET	/quiz	http://localhost:3000
20230402	19:26:52	c08d8ea4-0ddf-4472-9e01-62f024cc1be1	GET	/quiz	http://localhost:3000
20230402	19:26:52	3f6fecb2-55e8-45ae-b35c-ad9cf70274a3	GET	/quiz	http://localhost:3000
20230402	19:28:44	4d2a3624-182c-40fd-bc27-58291495bbb7	GET	/quiz	undefined
20230402	19:28:56	934ba6a1-bdbf-432e-acee-7011e88731e6	GET	/quiz	undefined
20230402	19:29:01	718a9432-a197-4b01-92a0-69bfe34fb77f	DELETE	/quiz	undefined
20230402	19:29:08	d81f79ba-dd33-4922-b8be-57a0b291308a	GET	/quiz	undefined
20230402	19:33:51	fbad52d2-4e48-4314-916d-fe6ea3af3834	GET	/quiz	http://localhost:3000
20230402	19:33:51	30d7c6f0-c13e-4f2a-afff-8a315c92f9ca	GET	/quiz	http://localhost:3000
20230402	19:33:53	bb9d03b8-f6e4-4685-93db-9fa8fe36a2a8	GET	/quiz	http://localhost:3000
20230402	19:33:53	74bf3227-5b90-4446-a744-768322766586	GET	/quiz	http://localhost:3000
20230402	19:33:54	fb606fac-4798-41bd-a339-c1d2ea29dcd1	GET	/quiz	http://localhost:3000
20230402	19:33:54	42f0d91d-3191-417e-a19d-180a8c65c676	GET	/quiz	http://localhost:3000
20230402	19:33:54	d1a5c2a0-68e3-4bb2-b456-ac6bae104c30	GET	/quiz	http://localhost:3000
20230402	19:33:54	42d5368c-b982-4e1d-bd08-8a6b437fe703	GET	/quiz	http://localhost:3000
20230402	19:33:55	35b46ab6-6601-44a7-889f-80a464024908	GET	/quiz	http://localhost:3000
20230402	19:33:55	c88fee9c-cc73-4329-a394-32a6c7ddd67b	GET	/quiz	http://localhost:3000
20230402	20:24:59	db269098-ba4b-4a5b-9d22-af9dd4aedcd4	GET	/quiz	http://localhost:3000
20230402	20:24:59	90fa8df7-6195-4b4e-9b00-5390c570a3dc	GET	/quiz	http://localhost:3000
20230402	20:36:24	0f8fab9e-42e3-4086-9dc2-1b162444750c	GET	/quiz	http://localhost:3000
20230402	20:36:24	6ef0a7b8-75df-486c-addf-042b71ed7626	GET	/quiz	http://localhost:3000
20230402	20:38:33	4c0b79c6-66ce-4cb6-9afb-0a3cad920d28	GET	/quiz	http://localhost:3000
20230402	20:38:33	00d68a50-3430-447e-b38b-cc91a302b016	GET	/quiz	http://localhost:3000
20230402	20:39:13	78c7f2ef-601e-4e09-9e62-e4a90becdd92	GET	/quiz	http://localhost:3000
20230402	20:39:13	28cde520-6b0b-4369-9c86-4c63a9fcf22f	GET	/quiz	http://localhost:3000
20230402	20:40:07	a07a3817-f714-4c34-8648-1a5397b0f90b	GET	/quiz	http://localhost:3000
20230402	20:40:07	0360edd2-be99-41d4-8b7f-6ac536ad02d5	GET	/quiz	http://localhost:3000
20230402	20:41:29	bca5737e-9c63-48b8-827a-e3eeefd308f8	GET	/quiz	http://localhost:3000
20230402	20:41:29	4823b228-aa38-4afa-9955-f29754aeffa9	GET	/quiz	http://localhost:3000
20230402	20:42:16	483da64c-129a-417b-9f5b-aeaf41e67601	GET	/quiz	http://localhost:3000
20230402	20:42:16	d76ab516-a0a6-42f6-8464-2c5e728ec526	GET	/quiz	http://localhost:3000
20230402	20:43:01	a0360010-1e27-4a2b-8297-369bc8dd98d4	GET	/quiz	http://localhost:3000
20230402	20:43:01	2aa31da8-dc1b-4e6c-b96e-ca630855f988	GET	/quiz	http://localhost:3000
20230402	20:51:22	8ddfaf02-f15e-49d3-996e-3a28f139d71f	GET	/quiz	http://localhost:3000
20230402	20:51:22	0405243b-e36b-4f7f-a439-23a43c63b9a1	GET	/quiz	http://localhost:3000
20230402	20:51:23	ed3e9d22-dd73-4918-a776-8e7e9b179b1d	GET	/quiz	http://localhost:3000
20230402	20:51:24	809e2028-ae8c-4dce-9db7-6be584b6ea4d	GET	/quiz	http://localhost:3000
20230402	20:51:25	c5f9574b-e057-4b80-8739-346298c37fd0	GET	/quiz	http://localhost:3000
20230402	20:51:27	562fc6c7-59cc-412d-808f-47d2a649781c	GET	/quiz	http://localhost:3000
20230402	20:51:28	06c662be-c689-4258-a945-03a92a9b5ffb	GET	/quiz	http://localhost:3000
20230402	20:52:41	ff856738-77c6-49b7-adcc-c557f23266d2	GET	/quiz	http://localhost:3000
20230402	20:57:58	31850a01-1b8e-4788-9c5a-acb683a6be44	GET	/quiz	http://localhost:3000
20230402	20:58:00	e6994081-156d-43e2-a91c-4fcd7998ae04	GET	/quiz	http://localhost:3000
20230402	21:00:15	710ccc9f-bed7-4d7d-8b5e-55a307367fb2	GET	/quiz	http://localhost:3000
20230402	21:04:08	285b49eb-7aa6-4d53-a425-c5b0c7ff6eaf	GET	/quiz	http://localhost:3000
20230402	21:06:15	f2b793a1-f95a-4078-86df-5c9ea81a6743	GET	/quiz	http://localhost:3000
20230402	21:06:16	c621af71-9465-4796-bee2-60c47ade51c5	GET	/quiz	http://localhost:3000
20230402	21:06:18	f084084f-da66-4ea8-96f8-acaab289bf32	GET	/quiz	http://localhost:3000
20230402	21:20:48	9b5d242b-821e-4b94-955b-ba7cc76a88f4	GET	/quiz	http://localhost:3000
20230402	21:20:52	ecdfc459-74b9-4d83-968e-90ab96b276b6	GET	/quiz	http://localhost:3000
20230402	21:54:36	4cc39f56-bab7-4c22-b37d-75b5ad51cc88	GET	/quiz	http://localhost:3000
20230402	21:54:36	31388646-3ef6-46d6-a95d-b340d42c6b5a	GET	/quiz	http://localhost:3000
20230402	21:54:38	1a7e0313-bc4f-4cc2-a205-12c644104457	GET	/quiz	http://localhost:3000
20230402	21:54:38	bab32272-b7cb-45bc-b48f-716ddc8e6712	GET	/quiz	http://localhost:3000
20230402	21:57:58	cc4f18b9-59e1-4244-9a9f-a9ee8e77f53f	GET	/	undefined
20230402	21:58:01	0e5d6f22-199b-4ae1-b129-fb6c4654a679	GET	/quiz	undefined
20230402	21:58:02	2785d778-7d6f-4b10-9c64-5a87b3bf1775	GET	/favicon.ico	undefined
20230402	22:07:24	f24570f5-d0df-47e0-9e8f-50b46ef08cbb	GET	/quiz	http://localhost:3000
20230402	22:07:24	fea8b0d7-2e65-4e04-873f-44660b2aabed	GET	/quiz	http://localhost:3000
20230402	22:07:27	20ae2d60-db93-4793-9f2a-4c89c3a9076f	GET	/quiz	http://localhost:3000
20230402	22:07:27	e56ca9c8-c8de-49f1-99e5-baf4811d8683	GET	/quiz	http://localhost:3000
20230402	22:07:43	0dfeccc0-b7e9-4a50-a2b4-27c21cdf4724	GET	/quiz	http://localhost:3000
20230402	22:07:43	c73f2599-eb7c-418b-a55b-fe7fc3f30332	GET	/quiz	http://localhost:3000
20230402	22:07:47	9cd25f9c-a8f5-49ff-9e24-12c6cbe21576	GET	/quiz	http://localhost:3000
20230402	22:07:47	5de7f915-60c2-4b22-aa4a-9316649e17da	GET	/quiz	http://localhost:3000
20230402	22:08:56	1fd5db52-9738-4edc-ba59-cb4d58289f5e	GET	/quiz	http://localhost:3000
20230402	22:08:56	8cf8f73b-f462-47db-a5a1-34302ed2849b	GET	/quiz	http://localhost:3000
20230402	22:15:07	002456c2-3bb3-4387-bf65-e68d47e349b6	GET	/quiz	http://localhost:3000
20230402	22:15:07	accb4a6d-cddb-40c8-99ed-301e1d89e59a	GET	/quiz	http://localhost:3000
20230402	22:15:09	45952b17-c9c5-4b51-8587-b19fdb9ebbbf	GET	/quiz	http://localhost:3000
20230402	22:15:09	fdf53dcb-13d0-4e20-acb0-4e77664b6a1b	GET	/quiz	http://localhost:3000
20230402	22:15:17	1994b342-aa84-44b6-8014-29b5105788c6	GET	/quiz	http://localhost:3000
20230402	22:15:17	7b29896d-a17b-409d-a8f4-c44a0abd70eb	GET	/quiz	http://localhost:3000
20230402	22:15:22	3066ee13-785f-4189-96df-1754e8bcf5d8	GET	/quiz	http://localhost:3000
20230402	22:15:22	d9f7828c-a039-4258-9277-ce2d5e294da3	GET	/quiz	http://localhost:3000
20230402	22:15:24	bceb8ceb-ffbf-4df0-ae9e-0449f662a9ec	GET	/quiz	http://localhost:3000
20230402	22:15:25	aa7b9dba-b69a-490f-91d1-d30120a177c5	GET	/quiz	http://localhost:3000
20230402	22:19:24	7e14727f-6902-4323-b402-099410e7e0e6	OPTIONS	/quiz	http://localhost:3000
20230402	22:19:24	7a0b35a3-3386-4f4f-b297-7b147015dbcb	POST	/quiz	http://localhost:3000
20230402	22:19:40	b7f3f654-3307-4e15-ad1a-7497024a8fc9	GET	/quiz	http://localhost:3000
20230402	22:19:40	1829c5fd-d8af-4207-bca1-784cbab1e478	GET	/quiz	http://localhost:3000
20230402	22:20:12	ee42b579-f958-4cad-9570-91e6c0c36f29	GET	/quiz	http://localhost:3000
20230402	22:20:12	1af7b184-aa5f-4edb-b4af-dcff427b3ce7	GET	/quiz	http://localhost:3000
20230402	22:24:14	7ad9e435-7dee-4e5e-83a8-92c9005c9c61	OPTIONS	/quiz	http://localhost:3000
20230402	22:24:14	a0136bc3-e7b8-4970-828c-6ff1108e50a2	POST	/quiz	http://localhost:3000
20230402	22:25:05	9db79cbe-72de-4c11-85c4-b2f241bef785	GET	/quiz	http://localhost:3000
20230402	22:25:05	c0b41cad-160c-4b5c-9049-ba13314c4ec7	GET	/quiz	http://localhost:3000
20230403	00:00:21	93017357-db54-40bf-af2d-f29599c941de	GET	/quiz	http://localhost:3000
20230403	00:00:21	c8f707ed-2296-4eaa-a34c-265d05cda12c	GET	/quiz	http://localhost:3000
20230403	00:00:54	cf91b638-6cf7-4900-97f9-e991be085a70	OPTIONS	/quiz	http://localhost:3000
20230403	00:00:54	8b6e6077-ac49-49db-8605-ec5086c13538	POST	/quiz	http://localhost:3000
20230403	00:02:42	f5f62f5d-e00c-464c-bbec-a7b447c8e031	GET	/quiz	http://localhost:3000
20230403	00:02:42	6256c293-e87d-49f0-89c1-380857bcb31c	GET	/quiz	http://localhost:3000
20230403	00:03:58	5c43a0fe-68d0-4ee0-a428-93de70fcd381	GET	/quiz	http://localhost:3000
20230403	00:03:58	e0f356be-9970-46d5-9d88-16453101f9e6	GET	/quiz	http://localhost:3000
20230403	00:04:35	63a7631d-e8a0-419b-a4eb-8c9272c2bc1c	OPTIONS	/quiz	http://localhost:3000
20230403	00:04:35	01a72932-0f82-4e7c-b109-64be4a8f96cb	POST	/quiz	http://localhost:3000
20230403	00:05:45	7dc47f70-7e56-447d-ad33-8ce505c21d3a	GET	/quiz	http://localhost:3000
20230403	00:05:45	b071ce0b-49fb-4adf-a783-e61bfada627c	GET	/quiz	http://localhost:3000
20230403	00:06:03	c7c9500e-80e9-450f-9d8e-0d573c049c00	GET	/quiz	undefined
20230403	00:06:36	855a65c2-5c0f-4a61-887b-6699963a64d1	DELETE	/quiz	undefined
20230403	00:06:42	363414d7-1bd7-4e97-a178-a68ead18815d	DELETE	/quiz	undefined
20230403	00:06:52	a2fc90da-b2fe-47ea-bf2a-8c31e6bf56a0	GET	/quiz	http://localhost:3000
20230403	00:12:17	8bd73f2d-7ffe-446a-baec-fba8d3cbcfc5	OPTIONS	/quiz	http://localhost:3000
20230403	00:12:17	eb428a0c-417e-4da1-b890-cb1e4ea4a490	POST	/quiz	http://localhost:3000
20230403	00:12:23	54fc9b14-5cc9-4fd3-a014-7eaa410f9b68	GET	/quiz	http://localhost:3000
20230403	00:14:08	72268b14-c467-46aa-9ac3-e796be53ff4f	GET	/quiz	http://localhost:3000
20230403	00:14:08	662aff57-b34f-4ecf-bcf5-0103f78796b4	GET	/quiz	http://localhost:3000
20230403	00:14:17	0406fea0-a3fd-4c48-b3b3-190802ea8459	GET	/quiz	http://localhost:3000
20230403	00:14:17	ca80b37e-5305-4902-8a8b-ec88e7d0462a	GET	/quiz	http://localhost:3000
20230403	00:14:49	303d6e4b-1eb1-45d3-9e02-fd166f7692bc	GET	/quiz	http://localhost:3000
20230403	00:14:49	4374bb45-2acf-4b74-9c39-9a8115fb9350	GET	/quiz	http://localhost:3000
20230403	00:20:27	179b3a05-3ee5-4314-ae4d-feb1fecc3003	GET	/quiz	http://localhost:3000
20230403	00:20:27	e5760be4-fab8-45bf-997b-0434ac4bd20f	GET	/quiz	http://localhost:3000
20230403	00:20:30	66005b38-e0a2-4f27-bdfa-fee262df6c32	GET	/quiz	http://localhost:3000
20230403	00:20:30	1f893502-f43a-46bc-b168-f83fd89f7dd8	GET	/quiz	http://localhost:3000
20230403	00:56:38	9bc85157-9bfc-4630-bf25-10397259fc48	GET	/quiz	http://localhost:3000
20230403	00:56:38	258da31e-d6c3-447e-a13e-4e172965f016	GET	/quiz	http://localhost:3000
20230403	01:08:26	6ada3f87-ff75-49b6-b1f3-484a9b05d987	GET	/quiz	http://localhost:3000
20230403	01:08:26	3ae5e8ee-5d50-423d-8f00-9f062f56dbd1	GET	/quiz	http://localhost:3000
20230403	01:32:47	aa812c18-1980-497d-9d6d-b644fc9b696f	GET	/quiz	http://localhost:3000
20230403	01:32:47	82e5cb6c-6ffa-492d-bb65-e0ae466dc073	GET	/quiz	http://localhost:3000
20230403	01:35:27	31b9158d-bd4a-4183-afc7-79de10cf4a14	GET	/quiz	http://localhost:3000
20230403	01:35:27	6170f5dd-0ac4-4336-ad32-bafe0ead487f	GET	/quiz	http://localhost:3000
20230403	02:10:40	d322330e-0e1f-4b6f-bc85-ab64e0637462	GET	/quiz	http://localhost:3000
20230403	02:10:40	9674aa99-ce7b-4473-9b3d-5f02bbb93dce	GET	/quiz	http://localhost:3000
20230403	02:10:48	7b210cdd-eba1-438b-a86d-57ec7bb112ed	GET	/quiz	http://localhost:3000
20230403	02:10:48	5fe5db96-aefb-459a-8ec1-ff02bdcec7d2	GET	/quiz	http://localhost:3000
20230403	02:10:48	4c94ab4b-94d7-498d-8c98-09f3ac2cdc5c	GET	/quiz	http://localhost:3000
20230403	02:10:48	ed0aa55d-a786-469c-a9fe-a1847a94466c	GET	/quiz	http://localhost:3000
20230403	02:11:16	2368add8-c2db-4b93-8250-8ef8893fe4be	GET	/quiz	http://localhost:3000
20230403	02:11:16	545daef6-f5d2-4855-891f-ede30f1fe741	GET	/quiz	http://localhost:3000
20230403	02:15:07	9f6c19f5-33d9-42db-bb67-a1d72bc07760	GET	/quiz	http://localhost:3000
20230403	02:15:07	a876fd0d-085e-4e40-a7f5-4e16c99b57c2	GET	/quiz	http://localhost:3000
20230403	02:17:33	04092932-d7bd-4678-a687-45fa79a56e52	GET	/quiz	http://localhost:3000
20230403	02:17:33	fa0d027e-3bac-4a9d-9c3d-4e998dc7c87a	GET	/quiz	http://localhost:3000
20230403	02:18:00	1425656f-cadf-4617-bd26-f3534b314c88	GET	/quiz	http://localhost:3000
20230403	02:18:00	76d0689e-0c6b-4f23-85e0-98fb02d635c5	GET	/quiz	http://localhost:3000
20230403	02:18:54	5446875d-39f7-4d1d-9f30-75e0618445cc	GET	/quiz	http://localhost:3000
20230403	02:18:54	db174bea-e8fa-4900-b2e7-7ed31cda593c	GET	/quiz	http://localhost:3000
20230403	02:19:45	c2b6f31d-04b5-4bcd-bd30-2fec26622f9b	GET	/quiz	http://localhost:3000
20230403	02:19:45	7b581ca7-3258-4315-88c1-ab866ce9da6f	GET	/quiz	http://localhost:3000
20230403	02:28:55	87f04639-c398-4577-a46a-269582dd6b29	OPTIONS	/quiz	http://localhost:3000
20230403	02:28:55	9c063842-9d8c-4b68-98ae-07daca3f0a23	POST	/quiz	http://localhost:3000
20230403	02:29:08	fd15b2d8-7fec-4dd0-9ca4-1d7235b4e39c	GET	/quiz	http://localhost:3000
20230403	11:09:18	c7337bd1-8b0a-4f85-91cc-447b67912472	GET	/quiz	http://localhost:3000
20230403	11:09:18	6fdf405e-3284-4e64-a546-c1f0dcb49b2b	GET	/quiz	http://localhost:3000
20230403	11:09:18	11009e85-6820-4e16-b2dd-7ac793b0e973	GET	/quiz	http://localhost:3000
20230403	11:09:18	d506bf48-2683-44f6-8255-ed9a1ed5b3d7	GET	/quiz	http://localhost:3000
20230403	11:09:49	6b378af3-5647-443f-9bd6-a4c7efa263eb	GET	/quiz	http://localhost:3000
20230403	11:09:49	1b33ca29-4a0d-49c7-a6b6-6afffd164816	GET	/quiz	http://localhost:3000
20230403	11:09:49	794fb448-1dc8-41d1-8f1f-579502734cb6	GET	/quiz	http://localhost:3000
20230403	11:09:49	edfa642f-3b11-4ed8-976d-6d98267fe6f5	GET	/quiz	http://localhost:3000
20230403	11:09:52	3e2c9a7a-b0bf-4f17-9098-3fc135eca2b4	GET	/quiz	http://localhost:3000
20230403	11:09:52	ba83294c-2a21-43d0-a12e-1c43dc80a4db	GET	/quiz	http://localhost:3000
20230403	11:24:07	e44454e4-6cf5-4ccc-8577-d5d52af83ebb	GET	/quiz	http://localhost:3000
20230403	11:24:07	e69b9f71-d2d1-48be-95a7-8fd7db6c5128	GET	/quiz	http://localhost:3000
20230403	11:28:46	1823cec8-6921-44d1-891c-84a3a76c191c	GET	/quiz	http://localhost:3000
20230403	11:28:46	87433fe9-0456-41b8-bd6c-fc2fd9b9f448	GET	/quiz	http://localhost:3000
20230403	11:30:34	999ea5d1-f637-4f0e-a0e6-42981201e554	GET	/quiz	http://localhost:3000
20230403	11:30:34	b9ca0664-2a62-45e7-8edb-4337b8050063	GET	/quiz	http://localhost:3000
20230403	11:31:36	45216bbc-1daf-48b3-bb77-4089496e73e3	GET	/quiz	http://localhost:3000
20230403	11:31:36	d366f03f-4b05-469c-955e-54096392d7f1	GET	/quiz	http://localhost:3000
20230403	11:33:23	3984d7f1-cb21-4db2-bde7-c67638739826	GET	/quiz	http://localhost:3000
20230403	11:33:23	f646f764-76be-42af-9c73-695ae495094a	GET	/quiz	http://localhost:3000
20230403	11:33:43	1f1f01d3-195b-40c9-ae84-876ebbfe2a4c	GET	/quiz	http://localhost:3000
20230403	11:33:50	bba804af-71f1-434a-beb2-e7cda7c17cfb	GET	/quiz	http://localhost:3000
20230403	11:36:44	37bdc1ea-71e5-4c01-84da-501e8a4b68e2	GET	/quiz	http://localhost:3000
20230403	11:36:44	bbecb919-23b0-490d-914c-405baf792ea6	GET	/quiz	http://localhost:3000
20230403	11:36:49	6b76c712-4f0d-44b5-88d1-14f54379918f	GET	/quiz	http://localhost:3000
20230403	11:36:49	70e4af18-e458-475d-8aef-8b6924b49880	GET	/quiz	http://localhost:3000
20230403	12:23:22	a8a395d1-7c78-4cfe-8edc-f28331a5e4bc	GET	/quiz	http://localhost:3000
20230403	12:38:29	ad196c48-74c2-4a9d-bc9d-eb53da759f64	GET	/quiz	http://localhost:3000
20230403	12:38:30	1b8ee1c5-b236-48b3-a1d7-2d32527ceb9f	GET	/quiz	http://localhost:3000
20230403	12:59:42	b128fe04-bdb5-409d-b251-58f2423edc70	GET	/quiz	http://localhost:3000
20230403	12:59:42	57f56ba1-5a33-44ff-b7fc-9354f8b8a00f	GET	/quiz	http://localhost:3000
20230403	12:59:42	0abc06ac-d0f4-4ac1-a06d-798727f9aa16	GET	/quiz	http://localhost:3000
20230403	12:59:42	489325ad-9939-4a3c-904e-3ed9d51c5e33	GET	/quiz	http://localhost:3000
20230403	13:05:01	dbc1fc82-de37-40c4-8186-1f6ab0844361	GET	/quiz	http://localhost:3000
20230403	13:05:01	a03a8707-bdca-4129-a9e9-d9eb7cc72833	GET	/quiz	http://localhost:3000
20230403	13:05:01	966f8b8a-8707-4a21-93a9-5c3619f85a8e	GET	/quiz	http://localhost:3000
20230403	13:05:01	15ab774d-fed6-41ba-810d-b70946ad8d68	GET	/quiz	http://localhost:3000
20230403	13:05:16	ff294968-f441-472d-8b13-cc5b88ca8fea	GET	/quiz	http://localhost:3000
20230403	13:05:17	2624470c-625f-4f74-b074-e41fba4352ec	GET	/quiz	http://localhost:3000
20230403	13:05:18	0fee66b0-9f09-4d88-bc30-7a987110095e	GET	/quiz	http://localhost:3000
20230403	13:05:20	0cbd4fee-1193-4eeb-bc7f-8c25f869186a	GET	/quiz	http://localhost:3000
20230403	13:05:26	b02e8466-b80a-41b7-9dd2-53dc3d7ff7e4	GET	/quiz	http://localhost:3000
20230403	13:05:27	9222c0a5-377f-4355-99eb-29a0bcd0f182	GET	/quiz	http://localhost:3000
20230403	13:05:29	bd7b0290-8e81-40e9-9cbe-53c47a37a0e5	GET	/quiz	http://localhost:3000
20230403	13:05:33	0c209149-8016-41f7-a89d-0a4c450e7749	GET	/quiz	http://localhost:3000
20230403	13:06:31	fb3860d2-6a84-47a7-85c7-6ec8e67c7ea6	GET	/quiz	http://localhost:3000
20230403	13:06:31	a9fbb252-8d2f-4885-9d3a-3b00f717ab69	GET	/quiz	http://localhost:3000
20230403	13:07:38	413d14f5-3459-4f09-8460-ce08e99c0b5a	GET	/quiz	http://localhost:3000
20230403	13:07:38	19e11c5f-d64e-46a7-ade4-bf1df8df833a	GET	/quiz	http://localhost:3000
20230403	13:09:40	1bd78500-1002-486c-a99e-d089d878b393	OPTIONS	/quiz	http://localhost:3000
20230403	13:09:40	d971d0b6-e08d-40dc-97c4-8278b04093f2	POST	/quiz	http://localhost:3000
20230403	13:09:47	5b1ceb82-8f73-4054-82b0-c4c441eb7af6	GET	/quiz	http://localhost:3000
20230403	14:31:59	ef2c1c2c-213e-4510-8a83-c419e131cc41	GET	/answere	undefined
20230403	14:31:59	f407c4c8-80b4-4b5e-bab8-6f0090ae57b7	GET	/favicon.ico	undefined
20230403	14:32:34	c2c9d381-626b-4c92-96c1-42c1543ccfc7	GET	/answere	undefined
20230403	14:32:41	4c6396fd-6676-4bdc-99a2-d28b37a42781	GET	/quiz	undefined
20230403	14:32:49	cab9b998-a75b-4adb-971f-ac2f658829db	GET	/answere	undefined
20230403	14:40:23	f1790e3c-921e-43ce-a4c1-9eb9cf1cba34	GET	/answere	undefined
20230403	14:41:08	64593bdc-dcbc-4c84-9c75-0f3d27138af8	GET	/answere	undefined
20230403	14:41:39	b62079d6-714d-40d9-9dec-92364e326f80	GET	/answere	undefined
20230403	14:49:49	1f97a91a-ffb1-4a4c-acd1-a3a84bd954bc	GET	/answere	undefined
20230403	14:49:57	f4445502-8b8a-4514-8dec-bbc52d511189	GET	/quiz	undefined
20230403	14:54:25	97322222-7d28-4d8c-84cc-9cb8c3d967eb	POST	/quiz	undefined
20230403	14:56:07	f300b4c9-b647-4fc0-9718-0e8cb523b4a2	POST	/quiz	undefined
20230403	14:56:16	335bbe07-70c3-4e10-ab2b-482ad4c0450e	POST	/quiz	undefined
20230403	14:57:08	65632770-8fd0-4e74-bec9-ff5468a6d78b	POST	/quiz	undefined
20230403	14:58:03	f8cf15f2-6a5a-4db4-853a-1e3511efbd88	POST	/quiz	undefined
20230403	14:58:20	9d147234-93c2-4359-a036-fcd6409a90cf	GET	/answere	undefined
20230403	14:58:29	4fe021cc-a38b-4bd6-8d8b-54f087be5b42	POST	/answere	undefined
20230403	14:58:42	4feb5f25-8b26-4d3c-9a9b-f2766a5125ad	GET	/answere	undefined
20230403	15:01:40	a4c73d39-a8a8-48a9-b3c9-d7afb81eb1b4	PATCH	/answere	undefined
20230403	15:12:37	8b94177d-dc89-4e67-a169-0f3d7261bb6a	PATCH	/answere	undefined
20230403	15:13:54	d5be1bea-fd4a-4b48-9476-4a18f418eb2d	PATCH	/answere	undefined
20230403	15:14:02	5287a66f-57fe-4d53-bbc5-c4b661212639	GET	/answere	undefined
20230403	15:54:15	23b1f2e1-12a3-44f2-8f44-1ed07345f713	POST	/answere	undefined
20230403	15:59:56	f0f81a50-acc5-486d-92ce-1b4907c7ec66	GET	/quiz	http://localhost:3000
20230403	15:59:56	885b5835-184f-4108-9c0a-185c1c1b64b1	GET	/quiz	http://localhost:3000
20230403	16:00:38	374c8135-29ee-4108-8a38-813cd4e61785	OPTIONS	/quiz	http://localhost:3000
20230403	16:00:38	a7fb6bcc-69ba-4a2b-bb5b-e82c17562c82	POST	/quiz	http://localhost:3000
20230403	16:01:37	ce8bdac7-f808-4e69-b8cd-613e1a04ec3b	OPTIONS	/quiz	http://localhost:3000
20230403	16:01:37	91ea4cbc-a6ab-405b-bde0-8845e389529c	POST	/quiz	http://localhost:3000
20230403	16:02:27	40afec6e-1e1b-4bd3-b61c-4ac2ee4b3a9f	OPTIONS	/quiz	http://localhost:3000
20230403	16:02:27	1effdc3e-f96c-4292-a4ab-b825bc7cf47d	POST	/quiz	http://localhost:3000
20230403	16:03:03	f8198217-746e-421e-8d5c-444d78959be1	OPTIONS	/quiz	http://localhost:3000
20230403	16:03:03	c0c66ccb-7429-4209-9933-3c76359f687d	POST	/quiz	http://localhost:3000
20230403	16:07:49	22358e31-0a20-4bf5-a05d-17094b248240	OPTIONS	/quiz	http://localhost:3000
20230403	16:07:49	245e9455-47e4-4edd-b53e-a7307649b11e	POST	/quiz	http://localhost:3000
20230403	16:08:11	5d0dfc95-2f14-4319-bf16-937b62019129	GET	/quiz	http://localhost:3000
20230403	16:08:11	e7713552-e16d-46ed-8f41-02cc557f3e8a	GET	/quiz	http://localhost:3000
20230403	16:08:36	801736c0-5b3e-414a-9555-41fae12596a8	OPTIONS	/quiz	http://localhost:3000
20230403	16:08:36	7200dd68-6df1-4d5a-ba68-7e42c6e4dd7d	POST	/quiz	http://localhost:3000
20230403	16:11:54	aa349176-a73c-4d2b-84de-5cb13c63925f	OPTIONS	/quiz	http://localhost:3000
20230403	16:11:54	6f4db8b4-d450-4b9e-a60e-84ee24e195e3	POST	/quiz	http://localhost:3000
20230403	16:12:56	e51b6396-1146-4e7f-956c-4c06d4d9e12d	OPTIONS	/quiz	http://localhost:3000
20230403	16:12:56	b2ddb261-c2ee-44ec-99f2-5f52d1d594c2	POST	/quiz	http://localhost:3000
20230403	16:14:11	fc396167-48a4-4ac9-8cfd-269976b51651	OPTIONS	/quiz	http://localhost:3000
20230403	16:14:11	651c28d8-d89a-458f-8289-a4acaa83e1ba	POST	/quiz	http://localhost:3000
20230403	16:15:35	bdcb63fb-7f8b-4dc1-87b4-74cfa5ab54ed	OPTIONS	/quiz	http://localhost:3000
20230403	16:15:35	e92d14f1-f0fa-4883-8791-631d58274d03	POST	/quiz	http://localhost:3000
20230403	16:16:17	d324bd1f-e902-4daf-863d-bd36675c26df	OPTIONS	/quiz	http://localhost:3000
20230403	16:16:17	16ed07fd-36ae-4346-b510-2962c5c94740	POST	/quiz	http://localhost:3000
20230403	16:18:13	d6e9c18b-c514-4dcf-a9fa-6b4da22f63ba	GET	/quiz	http://localhost:3000
20230403	16:18:13	fd3efa91-39f3-4189-80ba-77dfd463364b	GET	/quiz	http://localhost:3000
20230403	16:18:52	12402c39-7fc6-41c0-a9e7-9bd8fef8941e	OPTIONS	/quiz	http://localhost:3000
20230403	16:18:52	1614709b-4448-4a1c-8b0e-89e650b6fe83	POST	/quiz	http://localhost:3000
20230403	16:19:03	17d01599-0ac0-463c-8e19-d759d47fe4d8	GET	/quiz	http://localhost:3000
20230403	16:26:46	1ffac887-137b-49bd-bd24-7c8eec97d8c6	GET	/quiz	http://localhost:3000
20230403	16:26:46	35e3838d-aa52-4fac-b982-a15dcf5eb503	GET	/quiz	http://localhost:3000
20230403	16:26:47	882e8537-0efe-4885-9d12-2ee524109fe7	GET	/quiz	http://localhost:3000
20230403	16:26:47	4dcd0742-1c60-4c83-bff4-1022f25a7c57	GET	/quiz	http://localhost:3000
20230403	16:26:47	d595a3dd-7725-4bab-9b7c-da5503beee51	GET	/quiz	http://localhost:3000
20230403	16:26:47	395236de-25b5-4266-9c52-a2b0025a1d10	GET	/quiz	http://localhost:3000
20230403	16:30:06	086413cf-12f3-4ea7-b654-59b22d4cf31d	GET	/quiz	http://localhost:3000
20230403	16:30:06	b7e7e6a1-83f7-40b5-8bf3-cd9a87bf3c89	GET	/quiz	http://localhost:3000
20230403	16:30:06	7da28c50-95d0-4983-b698-aec912d28a1f	GET	/quiz	http://localhost:3000
20230403	16:30:06	46799987-252f-45a1-8a47-07f281291fbc	GET	/quiz	http://localhost:3000
20230403	16:30:07	dce75c65-3e0d-4a6b-ba0f-545e0ce8a19b	GET	/quiz	http://localhost:3000
20230403	16:30:07	77b743ff-5c22-4710-964c-1643f16a1d07	GET	/quiz	http://localhost:3000
20230403	16:38:13	fcab665d-8cc1-4a24-be55-55b99137a9cb	GET	/quiz	http://localhost:3000
20230403	16:38:13	bbfc5656-a587-43b6-8e30-53e781966a68	GET	/quiz	http://localhost:3000
20230403	16:38:13	e65ab694-f108-45b0-90dc-218d70a96cfe	GET	/quiz	http://localhost:3000
20230403	16:38:13	07c0c0a1-8eef-4671-b771-0f8f94d36234	GET	/quiz	http://localhost:3000
20230403	19:00:45	dbdc86b6-623c-4da8-bea0-81965fe3a10b	OPTIONS	/answere	http://localhost:3000
20230403	19:00:45	eafa385c-85e4-4bc5-b57d-4ed77fc9d804	POST	/answere	http://localhost:3000
20230403	19:01:09	0e33d4ea-0bea-48ac-9454-77cd5912d277	GET	/answere	undefined
20230403	19:01:44	a5f5a529-e5c4-4b89-86a2-989a46c3bd48	GET	/answere	undefined
20230403	19:02:12	f2529d68-cf26-4040-a6cb-cfe71f56b081	GET	/answere	undefined
20230403	19:02:54	6669ff92-fa8c-4a0c-805c-e7aede5044a8	GET	/quiz	http://localhost:3000
20230403	19:02:54	f7500127-cebe-4b3c-b88c-cff816a1fa84	GET	/quiz	http://localhost:3000
20230403	19:03:09	2b22f19b-1cf2-426e-b5fd-3ea4ee800a2c	OPTIONS	/answere	http://localhost:3000
20230403	19:03:09	dcb66fc6-2c1f-45fd-8f3f-68ba6984355b	POST	/answere	http://localhost:3000
20230403	19:03:46	c00b9e06-e3d6-4a50-98fe-edf74a2209ba	GET	/answere	undefined
20230403	19:03:47	7b9fe7f3-a85e-467c-a9cf-363fc00a1fa7	GET	/answere	undefined
20230403	19:03:48	1b59542e-1bae-46eb-938e-8fe4ff657381	GET	/answere	undefined
20230403	19:03:48	969d2c70-e725-43d6-9705-f66c76daf695	GET	/answere	undefined
20230403	19:08:37	45ce9fb4-4715-439a-9134-c8882c55ec6a	GET	/quiz	http://localhost:3000
20230403	19:08:37	15632995-72cc-4420-8745-3d1f239931cb	GET	/quiz	http://localhost:3000
20230403	19:08:37	fc778a63-a082-4fd1-9438-dc999eeb346d	GET	/quiz	http://localhost:3000
20230403	19:08:37	01799eef-9acd-4791-855f-4842083c214c	GET	/quiz	http://localhost:3000
20230403	19:08:56	3bbbf100-6e44-472f-88dc-921afcad715a	GET	/quiz	http://localhost:3000
20230403	19:08:56	c49e550c-268e-411a-b4e3-6f6a3fa41508	GET	/quiz	http://localhost:3000
20230403	19:08:57	c598d218-07bd-4bb3-ba12-802947ddb5f7	GET	/quiz	http://localhost:3000
20230403	19:08:57	d863382e-f450-4a13-a595-5ad893cf947a	GET	/quiz	http://localhost:3000
20230403	19:09:11	044d11e2-5bf3-4625-b24b-2d15d74f59f8	GET	/quiz	http://localhost:3000
20230403	19:09:11	af31b510-ee8e-412b-836c-b426bda1a7c8	GET	/quiz	http://localhost:3000
20230403	19:09:24	1ff49d5f-ca5a-4cca-8373-0aeaaa9215d7	OPTIONS	/answere	http://localhost:3000
20230403	19:09:24	618c10a9-06e5-4e00-a205-badc46a5c206	POST	/answere	http://localhost:3000
20230403	19:09:50	bd9ec09b-060b-43b3-b2dd-83671f24260d	GET	/answere	undefined
20230403	19:10:41	b2d95529-8e58-4d76-8bb8-15dfd0d57151	GET	/quiz	http://localhost:3000
20230403	19:10:41	e53c808b-4f13-4ed0-a572-23475faa4de8	GET	/quiz	http://localhost:3000
20230403	19:10:41	4161b4a4-977c-41fc-b031-5c6f13c73447	GET	/quiz	http://localhost:3000
20230403	19:10:41	ef48b54d-fdaf-40d6-a90d-f3b66c2f9768	GET	/quiz	http://localhost:3000
20230403	19:10:59	44272a96-e324-4cb5-8e18-bb40c562977e	OPTIONS	/answere	http://localhost:3000
20230403	19:10:59	88aaa888-d319-4bdd-a9ff-1f6092cddc7d	POST	/answere	http://localhost:3000
20230403	19:12:43	5aeeff76-604c-4b30-9ad3-8970619ac02b	GET	/quiz	http://localhost:3000
20230403	19:12:43	2c0a210b-aad7-42dd-b8ae-fa865488b642	GET	/quiz	http://localhost:3000
20230403	19:12:43	82e709d0-43cb-4d7c-86e8-07d2a5edd5b4	GET	/quiz	http://localhost:3000
20230403	19:12:43	22ccbf3c-4efe-4808-9d15-ebc16880ad51	GET	/quiz	http://localhost:3000
20230403	19:13:21	cff52a95-e646-4ece-8159-bfa884dad92f	OPTIONS	/answere	http://localhost:3000
20230403	19:13:21	dc14328e-8b0c-4ec8-b98e-94d95596c21d	POST	/answere	http://localhost:3000
20230403	22:56:39	ffa61988-65d3-4904-9de4-852a3e7a4fc0	GET	/quiz	http://localhost:3000
20230403	22:56:39	55c635c0-56b6-43bf-bbb2-dec86035cf11	GET	/quiz	http://localhost:3000
20230403	22:56:39	df5cde39-0dd6-4d87-b609-a51320934c5d	GET	/quiz	http://localhost:3000
20230403	22:56:39	e1b7ee24-cbba-4eb0-aecb-35097d5c23a6	GET	/quiz	http://localhost:3000
20230403	22:57:52	954a10f7-b576-4e56-9641-3502d6275cbd	POST	/answere	undefined
20230403	22:58:13	1be135a2-3b90-49ae-a20c-a42b228dff8b	OPTIONS	/answere	http://localhost:3000
20230403	22:58:13	399b0f31-512a-474f-a542-95fb1061909d	POST	/answere	http://localhost:3000
20230403	23:05:53	82ad57d2-96c5-4e66-9cd5-d57ca8a9d0d1	OPTIONS	/answere	http://localhost:3000
20230403	23:05:53	3b52f128-b045-491f-a808-3cb12db7bb25	POST	/answere	http://localhost:3000
20230403	23:06:46	6c1e7a7e-d036-4cc7-8b2b-1d6069b1d554	GET	/answere	undefined
20230403	23:09:11	52708558-b9af-42d6-92ea-3692c87629da	GET	/quiz	http://localhost:3000
20230403	23:09:11	a942b417-5dfb-42bf-9633-56a5f20df5b5	GET	/quiz	http://localhost:3000
20230403	23:09:35	195e1279-7c8a-49ea-8f29-c3f907492bc5	OPTIONS	/answere	http://localhost:3000
20230403	23:09:35	5ad917e2-86f4-444f-8c37-4433770deb5c	POST	/answere	http://localhost:3000
20230403	23:11:32	d8709f78-f094-4e00-b00a-695a414e2d9d	GET	/quiz	http://localhost:3000
20230403	23:11:32	96e274c5-30b1-4e8b-9e49-49beed3e6d58	GET	/quiz	http://localhost:3000
20230403	23:12:07	9ffaeea2-3222-4758-a359-44f943b6d36b	GET	/quiz	http://localhost:3000
20230403	23:12:07	1622b1c0-4a22-495d-9980-7fa2006a5ad1	GET	/quiz	http://localhost:3000
20230403	23:12:19	64165395-03a6-40c5-b2c4-97b80fdc5787	GET	/quiz	http://localhost:3000
20230403	23:12:19	b46be51f-cdd2-4e67-862e-83dab9f39e31	GET	/quiz	http://localhost:3000
20230403	23:15:11	54887825-e0cb-4acb-a160-c41c65b3ab8f	OPTIONS	/answere	http://localhost:3000
20230403	23:15:11	d49c80be-040f-468a-a4e8-e18ec8163c64	POST	/answere	http://localhost:3000
20230403	23:16:53	46148366-2e4c-4b90-85c8-7339b3d9b6b6	GET	/quiz	http://localhost:3000
20230403	23:16:53	117c7e48-38f7-4ea1-87c4-dc39985209ea	GET	/quiz	http://localhost:3000
20230403	23:17:06	3bcfec91-91d4-4ec7-893b-b84621ccee39	OPTIONS	/answere	http://localhost:3000
20230403	23:17:06	25fe86c2-8317-4d3e-9a06-ddd4c79d129e	POST	/answere	http://localhost:3000
20230403	23:17:55	f82b360a-75e2-49c0-b472-aad1a8d5a037	OPTIONS	/answere	http://localhost:3000
20230403	23:17:55	ca181716-06ba-4130-8e28-ba1499320e3c	POST	/answere	http://localhost:3000
20230403	23:18:43	ef429869-e66c-4ace-b58c-ecc41b668cfc	GET	/quiz	http://localhost:3000
20230403	23:18:43	c632856f-6e36-47ad-ac29-14e1b2dc0a3d	GET	/quiz	http://localhost:3000
20230403	23:19:46	24664640-714a-48bb-81ff-300492f64fb7	GET	/answere	undefined
20230403	23:20:06	104a1cb5-b304-4ef1-89e2-d6f734353478	GET	/answere	undefined
20230403	23:20:55	d27e930a-1d5c-4e12-bbb8-4e5481975821	GET	/quiz	http://localhost:3000
20230403	23:20:55	d4fdf698-db38-42b0-a8b3-536ca6bfa7a6	GET	/quiz	http://localhost:3000
20230403	23:21:16	2a008c84-dbbf-4ebd-be10-9f5cec00f994	OPTIONS	/answere	http://localhost:3000
20230403	23:21:16	f682dddf-cac7-4c0e-bb67-9075a01b3e07	POST	/answere	http://localhost:3000
20230403	23:45:22	96234646-af91-421c-bd3b-df7df2f8cd3f	GET	/quiz	http://localhost:3000
20230403	23:45:22	41d2493e-0426-461b-aca2-2c1da1a7b51b	GET	/quiz	http://localhost:3000
20230403	23:45:22	7a297c41-8f1a-4343-9ca0-ece614c7a536	GET	/quiz	http://localhost:3000
20230403	23:45:22	0d2cdab2-6cec-48c5-843c-45385bffcd70	GET	/quiz	http://localhost:3000
20230403	23:46:55	c4373da3-6e2a-4c99-b7a0-e4fb253d897d	GET	/quiz	http://localhost:3000
20230403	23:46:55	30d72425-9bae-4632-a181-7afc800c277f	GET	/quiz	http://localhost:3000
20230403	23:48:16	6e5f9aac-1e56-465f-97e7-4506ee604d33	GET	/quiz	http://localhost:3000
20230403	23:48:16	a58b2864-6ca9-4cfb-9d84-0bbbbb42768f	GET	/quiz	http://localhost:3000
20230403	23:48:51	d3bca2da-2e6b-474f-bee7-1e36ae5020a7	GET	/quiz	http://localhost:3000
20230403	23:53:01	2b4147ab-1e06-4346-8114-0fd7a6006780	GET	/quiz	http://localhost:3000
20230403	23:53:01	6687c03d-3ea8-43c3-8380-904a2389afb1	GET	/quiz	http://localhost:3000
20230403	23:53:01	bc608bbe-2ccd-49aa-95d1-679cbf0868f8	GET	/quiz	http://localhost:3000
20230403	23:53:01	b4bb8b09-d8fa-4863-a982-050fcbef3e12	GET	/quiz	http://localhost:3000
20230403	23:53:29	3e6e71da-ef50-4d98-8b19-b727528362c0	GET	/quiz	http://localhost:3000
20230403	23:53:30	1df2ad81-0634-49bd-8b79-f48e1ed12a85	GET	/quiz	http://localhost:3000
20230403	23:53:30	c98defc9-dd1b-4988-9c32-507cff198e89	GET	/quiz	http://localhost:3000
20230403	23:53:30	dc1e9107-d959-464c-a7fb-a69ad5b6cfad	GET	/quiz	http://localhost:3000
20230403	23:53:45	5e1cd125-0b59-4189-a579-0a5057062e20	GET	/quiz	http://localhost:3000
20230403	23:53:45	45a77320-69dc-47da-9e41-d313cc8f5a27	GET	/quiz	http://localhost:3000
20230403	23:53:45	d13e5474-78e1-48c2-aff5-44223800a141	GET	/quiz	http://localhost:3000
20230403	23:53:45	dbdc13e1-57b9-40ee-8554-76ea422b785b	GET	/quiz	http://localhost:3000
20230403	23:56:32	a666ae8e-747b-42ba-a864-eadfa47c8c44	GET	/quiz	http://localhost:3000
20230403	23:56:32	2a3cacde-09b6-4a67-acc0-2c34244a545b	GET	/quiz	http://localhost:3000
20230403	23:56:32	a668f673-3456-450b-b1f9-d84996194108	GET	/quiz	http://localhost:3000
20230403	23:56:32	62e7804c-2af2-4e3e-82cd-e6f08623f062	GET	/quiz	http://localhost:3000
20230403	23:58:06	99c828eb-96c8-48e3-a77d-4a10dfc797ad	GET	/quiz	http://localhost:3000
20230403	23:58:06	1a778327-4ac8-4ed4-83f6-afadc6cf9d81	GET	/quiz	http://localhost:3000
20230403	23:58:06	99527fa7-6765-4486-bde8-f3d23d9343ac	GET	/quiz	http://localhost:3000
20230403	23:58:06	4a9e6110-34b6-441f-8e2b-72398203731e	GET	/quiz	http://localhost:3000
20230403	23:58:39	6b464eac-6e18-4983-bceb-1c010642efbe	GET	/quiz	http://localhost:3000
20230403	23:58:39	6ecdcb29-9330-4e25-9e19-8d8c1a592904	GET	/quiz	http://localhost:3000
20230403	23:58:47	d871fb81-f7a9-4fc2-ba60-f61089845b97	GET	/quiz	http://localhost:3000
20230403	23:58:47	f1729326-cf84-4f90-a736-67de916d8a08	GET	/quiz	http://localhost:3000
20230403	23:58:47	3024f96e-578f-4234-b2fc-781ce79176ce	GET	/quiz	http://localhost:3000
20230403	23:58:47	6d7ff5af-a9b6-4359-ad35-1e9d72cc3d84	GET	/quiz	http://localhost:3000
20230404	00:02:04	395b1aca-ee0c-4cfa-b450-bac22d03988b	GET	/quiz	http://localhost:3000
20230404	00:02:04	84f60b4c-6fd4-4e77-b3fc-3ca83e399fc1	GET	/quiz	http://localhost:3000
20230404	00:02:04	c44e989b-ec36-4f92-920c-b7211e1f30f2	GET	/quiz	http://localhost:3000
20230404	00:02:04	e146d47c-3bd0-4d59-b1d2-7b0d51360a8c	GET	/quiz	http://localhost:3000
20230404	00:03:07	c08a0436-6a06-469f-afec-623f1e2ad2a9	GET	/quiz	http://localhost:3000
20230404	00:03:07	d38b8d80-59a8-42bf-9956-66fe76f3a389	GET	/quiz	http://localhost:3000
20230404	00:03:07	b2e2d1ba-fff1-4ef1-b297-fb5e994ee909	GET	/quiz	http://localhost:3000
20230404	00:03:07	ffb162e1-c7e3-4446-8d01-5c84584d8f29	GET	/quiz	http://localhost:3000
20230404	00:04:57	c706426e-942a-432a-a09f-823d3ea9c2ce	GET	/quiz	http://localhost:3000
20230404	00:04:57	b67293b3-da28-44f2-ad48-5f797cd0d13f	GET	/quiz	http://localhost:3000
20230404	00:04:57	4cd5cc0b-eb0b-48bc-91d3-544110c94a06	GET	/quiz	http://localhost:3000
20230404	00:04:57	28159093-1fbd-4a26-b6a8-9949a06c5b73	GET	/quiz	http://localhost:3000
20230404	00:05:27	8ad9e9b1-31c1-4373-898a-8b2ce8f24639	GET	/quiz	http://localhost:3000
20230404	00:05:27	b6f25036-1f5b-4bd5-8baa-f69aa3c01793	GET	/quiz	http://localhost:3000
20230404	00:05:27	583a9e8b-fd9f-4fb4-9e06-f6e8c19ee413	GET	/quiz	http://localhost:3000
20230404	00:05:27	078bcd7f-ddcc-4b67-95db-e6e256efdac2	GET	/quiz	http://localhost:3000
20230404	00:07:33	bad46790-4fb2-40ed-8409-67c7243366d9	GET	/quiz	http://localhost:3000
20230404	00:07:33	8e2db8b5-e115-4758-a10c-bf6ed61a6990	GET	/quiz	http://localhost:3000
20230404	00:07:33	d1a8680c-1229-4499-937b-5a40a022fcc6	GET	/quiz	http://localhost:3000
20230404	00:07:33	a13a824c-b728-46e1-94c0-13bec19c945c	GET	/quiz	http://localhost:3000
20230404	00:09:41	c50528d5-2317-4a66-84b6-41aa07aafc7d	GET	/quiz	http://localhost:3000
20230404	00:09:42	7849ff6b-1ab3-4e52-886d-08ab47032866	GET	/quiz	http://localhost:3000
20230404	00:09:42	87253b74-4603-41f3-b721-c48325c27956	GET	/quiz	http://localhost:3000
20230404	00:09:42	f54d070e-0003-43a9-a09c-1103afe1266f	GET	/quiz	http://localhost:3000
20230404	00:10:14	6f808303-a41b-480b-8e86-14ebb32e41e1	GET	/quiz	http://localhost:3000
20230404	00:10:14	4a24f9e6-ce83-42ea-8f22-66dce80b61b5	GET	/quiz	http://localhost:3000
20230404	00:10:14	b0a2e9a5-f900-4bc1-9b1a-059a7362451b	GET	/quiz	http://localhost:3000
20230404	00:10:14	a2f0aad2-f0a7-4516-ab71-3cec63b883de	GET	/quiz	http://localhost:3000
20230404	00:13:41	059f62eb-70d2-4a11-874f-9b3a6c1810af	GET	/quiz	http://localhost:3000
20230404	00:13:41	330fc7e4-e65f-46f5-af5d-9df9ab2521d4	GET	/quiz	http://localhost:3000
20230404	00:13:41	6a365c63-c50b-4cdf-886e-ef61bdb7c6db	GET	/quiz	http://localhost:3000
20230404	00:13:41	1663f678-440e-40a7-b236-9fa3e06824b7	GET	/quiz	http://localhost:3000
20230404	00:13:44	dc1422f9-f10e-4476-9bde-c965c29455bb	GET	/quiz	http://localhost:3000
20230404	00:13:44	3b760d4a-6f4d-45f6-a9d6-93c1ac52040c	GET	/quiz	http://localhost:3000
20230404	00:13:44	710ec99b-3bde-41dd-a94c-61d71eafe571	GET	/quiz	http://localhost:3000
20230404	00:13:44	439ed91d-7a2f-4b39-974c-489ebef29839	GET	/quiz	http://localhost:3000
20230404	00:13:45	0fa9e2da-36c7-458e-bdfa-371f32f48928	GET	/quiz	http://localhost:3000
20230404	00:13:45	1b1eec3a-cfad-4514-b9ea-c1898fe9f2c7	GET	/quiz	http://localhost:3000
20230404	00:13:45	7b352bae-081f-4ce1-9e74-73f89eb8681b	GET	/quiz	http://localhost:3000
20230404	00:13:45	343b51c9-4a4a-489c-b686-007aa8cf46cb	GET	/quiz	http://localhost:3000
20230404	00:13:46	1e89fe58-de05-4542-a794-1df890cc9f78	GET	/quiz	http://localhost:3000
20230404	00:13:46	51b751a0-80b4-4158-80dd-12b1a357f182	GET	/quiz	http://localhost:3000
20230404	00:13:46	bf4dfc5e-7cb8-42dd-9fca-e4f31b236a37	GET	/quiz	http://localhost:3000
20230404	00:13:46	1a955aa4-1779-4b9c-9f1c-e8e4d29f1986	GET	/quiz	http://localhost:3000
20230404	00:14:37	74756698-616f-4537-8a9d-93d6ee400f43	GET	/quiz	http://localhost:3000
20230404	00:14:37	7089ef0f-f4bb-4131-b421-c354a879f28f	GET	/quiz	http://localhost:3000
20230404	00:14:37	530d675a-d5b9-4552-96cf-f2e12251f343	GET	/quiz	http://localhost:3000
20230404	00:14:37	abbf3c68-e0d4-4e75-ad5e-eef1fa70db51	GET	/quiz	http://localhost:3000
20230404	00:17:49	88b8b78b-4f73-4bdc-a52f-0a6d11daf021	POST	/answere	undefined
20230404	00:18:20	8c19db68-630d-4c14-80a1-a2137d5df975	GET	/answere	undefined
20230404	00:18:48	0fb49b59-033f-4b5d-9b38-3530192a8e51	POST	/answere	undefined
20230404	00:18:54	81b3d392-1075-4a70-ada2-71cd7d8dc213	GET	/answere	undefined
20230404	00:20:33	aa199fa1-fa70-4994-a783-9e4c6502ef80	GET	/quiz	undefined
20230404	01:42:17	587ac2f9-7865-477f-ac74-e598d32bb136	GET	/quiz	http://localhost:3000
20230404	01:42:17	a26208d7-da67-47e7-9e6a-30534937695e	GET	/quiz	http://localhost:3000
20230404	01:42:17	862fd7a1-4e95-41f6-b462-4a271fed1e4a	GET	/quiz	http://localhost:3000
20230404	01:42:17	e35b4385-67c9-4ec5-b9e6-50f948acb1f2	GET	/quiz	http://localhost:3000
20230404	01:43:33	5b8177fd-807c-43c6-ade1-6c5318246bdc	GET	/quiz	http://localhost:3000
20230404	01:43:33	756c136b-e304-4088-8f55-0f27f63bed0d	GET	/quiz	http://localhost:3000
20230404	01:43:33	527723b0-141b-474c-a3bf-f7d18c865b64	GET	/quiz	http://localhost:3000
20230404	01:43:33	8a0a1fdb-6c96-43c5-b920-e9fcf8372046	GET	/quiz	http://localhost:3000
20230404	01:44:35	478e12a8-b81a-4ff9-bd63-f0c03650e086	GET	/quiz	http://localhost:3000
20230404	01:44:35	86182512-f17b-412f-9f4c-a99b125215b6	GET	/quiz	http://localhost:3000
20230404	01:44:35	fc3f16da-6a3c-4a9f-8102-96f307022e28	GET	/quiz	http://localhost:3000
20230404	01:44:35	583477d1-5ea6-47ef-9181-059932124080	GET	/quiz	http://localhost:3000
20230404	01:46:05	07875db4-f879-4239-87c7-6777198157a3	GET	/quiz	http://localhost:3000
20230404	01:46:05	339c7135-7951-4d72-ae3c-86bf091ee714	GET	/quiz	http://localhost:3000
20230404	01:46:09	4307ec9a-46b2-4ffc-a06f-f56fb5116d0e	GET	/quiz	http://localhost:3000
20230404	01:46:09	7e6b72d8-9b0c-49f1-a722-e4acdf00c5b4	GET	/quiz	http://localhost:3000
20230404	01:46:09	9a084207-3989-43d2-9d49-e8353733307b	GET	/quiz	http://localhost:3000
20230404	01:46:09	49396d91-b7a3-4a8a-a84a-eac0528174ed	GET	/quiz	http://localhost:3000
20230404	01:46:13	3eabe9cd-6248-406e-9e9a-4effa7d3b367	GET	/quiz	http://localhost:3000
20230404	01:46:13	b5913eca-2c46-4306-8256-59a50758daf0	GET	/quiz	http://localhost:3000
20230404	01:46:55	b75a0fd5-3e56-4c58-8be3-1d4e2d736e73	OPTIONS	/quiz	http://localhost:3000
20230404	01:46:55	34a7a912-243e-41d1-9bc0-890e26bb0c86	POST	/quiz	http://localhost:3000
20230404	01:47:03	d01286c7-6a84-496d-8a07-783d18f3c2cd	GET	/quiz	http://localhost:3000
20230404	01:47:03	942734c5-a90e-4cfb-be9c-68ff197b3b43	GET	/quiz	http://localhost:3000
20230404	01:47:03	b317687f-8f6f-4fe0-b7db-ea3c6a387c58	GET	/quiz	http://localhost:3000
20230404	01:47:03	e6185f98-dba0-4e18-a131-1502c66ca12c	GET	/quiz	http://localhost:3000
20230404	01:47:56	519d1c20-6a07-4df7-979e-6a48d33f685b	GET	/quiz	http://localhost:3000
20230404	01:47:56	24b07c26-4622-4b19-a1b6-0dd1ea61432c	GET	/quiz	http://localhost:3000
20230404	01:47:56	4809f889-f4c0-41c2-a9dd-78e8105b1653	GET	/quiz	http://localhost:3000
20230404	01:47:56	c7b80043-1858-4c00-8a7c-32f821664cc5	GET	/quiz	http://localhost:3000
20230404	02:01:30	b69def64-98ee-4384-ba3e-d2898580ddc0	GET	/quiz	http://localhost:3000
20230404	02:01:30	3b5b9138-42c3-4d11-9d8e-1f6ea37d06ea	GET	/quiz	http://localhost:3000
20230404	02:01:30	1a671b49-b19e-4ab3-8d66-daf9e876d46d	GET	/quiz	http://localhost:3000
20230404	02:01:30	34829452-3e47-4838-a6c6-e271804f37df	GET	/quiz	http://localhost:3000
20230404	02:02:08	ca648543-d158-4d1c-89e5-aee2b202639c	OPTIONS	/quiz	http://localhost:3000
20230404	02:02:08	759d49c6-0152-499b-a4e7-f7aa8743df31	POST	/quiz	http://localhost:3000
20230404	02:02:14	93f9fa41-bfb5-4e47-9845-ba4a11363088	GET	/quiz	http://localhost:3000
20230404	02:02:50	6fa02216-f3af-41e3-806f-48918a573324	GET	/quiz	http://localhost:3000
20230404	02:02:50	85ef92f4-aefe-4b2b-b07d-297d31531946	GET	/quiz	http://localhost:3000
20230404	02:02:50	9505187b-d27b-4d4b-b94f-c2d2b6fde6d3	GET	/quiz	http://localhost:3000
20230404	02:02:50	c40a2800-c7f9-4f0d-bfa9-f5202465985c	GET	/quiz	http://localhost:3000
20230404	02:03:18	af14d4c2-5982-4665-a36c-e29c9b9608ac	GET	/quiz	http://localhost:3000
20230404	02:03:18	e8eb4817-f836-42d9-9351-1b4ac62ceecb	GET	/quiz	http://localhost:3000
20230404	02:03:18	22a1a753-1267-4099-93f8-377aa10a1c32	GET	/quiz	http://localhost:3000
20230404	02:03:18	65e985ea-74eb-4f36-bd42-e1b0f6a8e53a	GET	/quiz	http://localhost:3000
20230404	13:49:30	6fb55b2f-3b39-45d7-9496-64fa2fb35d05	GET	/quiz	http://localhost:3000
20230404	13:49:30	0a3dea24-7cb4-4e1d-afaf-06078a5d492e	GET	/quiz	http://localhost:3000
20230404	13:49:30	e9803920-8b12-4178-9b01-03028a5e977d	GET	/quiz	http://localhost:3000
20230404	13:49:30	29c5f2a6-3a41-4ef4-8164-5cadbb9d389f	GET	/quiz	http://localhost:3000
20230404	13:49:55	ad37a9bd-fc70-4c6a-ad41-5fd63377e7f6	GET	/quiz	http://localhost:3000
20230404	13:57:20	74fc0fca-0898-49fa-8a61-922ea65608db	OPTIONS	/quiz	http://localhost:3000
20230404	13:57:20	4d45d326-a246-4ba0-a129-f4a7433047fe	POST	/quiz	http://localhost:3000
20230404	13:57:26	34d70eb6-7a90-4ec1-b1c2-0442b45fc796	GET	/quiz	http://localhost:3000
20230404	13:58:01	9fda4981-c4e5-4bb0-93ed-20770e915924	OPTIONS	/answere	http://localhost:3000
20230404	13:58:01	5915adab-c4fb-4c7b-a2ba-abc0baa71500	POST	/answere	http://localhost:3000
20230404	14:02:56	b73fb68f-f226-4478-8e7c-886292da384a	GET	/quiz	http://localhost:3000
20230404	14:02:56	31a78526-313a-4193-a6bb-2c249c692db8	GET	/quiz	http://localhost:3000
20230404	14:03:15	4623bb86-eb42-4d76-b87b-239193e02990	OPTIONS	/answere	http://localhost:3000
20230404	14:03:15	c7e30ce3-d465-47fc-bd11-09d6a0109346	POST	/answere	http://localhost:3000
20230404	14:22:02	93dc9a72-d3a6-43e8-89f0-b5271a371842	GET	/quiz	http://localhost:3000
20230404	14:22:02	3ae67b72-287b-49ee-b498-9d96a556c356	GET	/quiz	http://localhost:3000
20230404	14:22:17	7023a812-149d-4434-a42a-099bcf605431	OPTIONS	/answere	http://localhost:3000
20230404	14:22:17	c6c08ede-a79e-4c73-a6a2-4d979d9973e7	POST	/answere	http://localhost:3000
20230404	15:45:35	7431f65c-7437-4ed6-81a3-00d674b160f4	GET	/quiz	http://localhost:3000
20230404	15:45:35	1fc512e2-ab1c-4fc6-bca7-0750c990e3a1	GET	/quiz	http://localhost:3000
20230404	15:45:46	4313f386-13ba-4b88-964f-705cdf56297f	OPTIONS	/answere	http://localhost:3000
20230404	15:45:46	21e7fe3e-f81c-43e5-944f-5cac9e98f570	POST	/answere	http://localhost:3000
20230404	16:05:18	4c8c21fc-5d82-4638-b1eb-08116fd87550	OPTIONS	/answere	http://localhost:3000
20230404	16:05:18	d523e9ab-dccd-41c4-8593-9b6854d31f78	POST	/answere	http://localhost:3000
20230404	16:11:56	d89f749b-a2e0-4954-9a6c-739d05b8bd91	GET	/quiz	http://localhost:3000
20230404	16:11:56	fabe694a-3858-4544-be05-2a696e8067f1	GET	/quiz	http://localhost:3000
20230404	16:13:10	0f64a4d8-dc65-4df0-9b05-10c0c4a55ed0	GET	/quiz	http://localhost:3000
20230404	16:13:10	01c3664f-0979-4291-af7c-f000ec5788db	GET	/quiz	http://localhost:3000
20230404	16:16:53	95fd5a8b-32a7-4c85-b9c8-1cd5ec3590e9	GET	/quiz	http://localhost:3000
20230404	16:16:53	06678c97-b5da-4947-949a-38ab2b9b4c0c	GET	/quiz	http://localhost:3000
20230404	20:59:50	5f7676fa-5697-4547-8400-8fc28812ed8b	GET	/quiz	http://localhost:3000
20230404	20:59:50	90b015a3-5686-42cb-b2cf-ee789a2c2a0e	GET	/quiz	http://localhost:3000
20230404	20:59:50	8ead27ca-1eb1-47ab-b6be-f05f556ab575	GET	/quiz	http://localhost:3000
20230404	20:59:50	ec2b9b29-4c1c-46e4-ac36-0e2809fa5b22	GET	/quiz	http://localhost:3000
20230404	21:00:15	c43b968d-ae29-46fa-8cd5-9eb881202316	OPTIONS	/answere	http://localhost:3000
20230404	21:00:15	bf205d63-3889-4b93-8199-1e0bdbce7243	POST	/answere	http://localhost:3000
20230404	21:06:40	92a66328-f2f4-41ec-9744-475310ee9a3a	GET	/quiz	http://localhost:3000
20230404	21:06:40	006b4802-571e-4fc2-b04d-d230890cdad6	GET	/quiz	http://localhost:3000
20230404	21:08:06	4964265d-0e66-49be-96a9-26801ad58728	GET	/quiz	http://localhost:3000
20230404	21:08:06	c0a68b4a-c097-4eae-9065-4fcd07da30cf	GET	/quiz	http://localhost:3000
20230404	21:08:08	ab08a8b9-73af-4071-9278-8953e34c10e6	GET	/quiz	http://localhost:3000
20230404	21:08:08	f257a984-1617-4b0f-9ea5-ab9424cff444	GET	/quiz	http://localhost:3000
20230404	21:08:08	41008275-af43-43da-be68-d9c82b0db2e1	GET	/quiz	http://localhost:3000
20230404	21:08:08	c928f88a-338e-4f0c-a139-bb3a14e831d1	GET	/quiz	http://localhost:3000
20230404	21:08:46	4652bdda-ddbd-4289-9c40-e97059b34b44	GET	/quiz	http://localhost:3000
20230404	21:08:46	17f3cf04-a036-4b34-900a-711b887823ff	GET	/quiz	http://localhost:3000
20230404	21:12:37	2bad9282-c103-4c32-99ed-2f3c3bf1758b	GET	/quiz	http://localhost:3000
20230404	21:12:37	f2385add-36ce-497b-b0de-ad3b3f4f183c	GET	/quiz	http://localhost:3000
20230404	21:16:16	4625a9a4-3f19-4fd0-97bf-d84d92574f9e	GET	/quiz	http://localhost:3000
20230404	21:16:16	bc1aaa74-73a9-40e2-bae7-49a82a36020f	GET	/quiz	http://localhost:3000
20230405	01:30:05	8884d8f3-6d94-4a1f-b45d-a3964f8e943b	GET	/quiz	http://localhost:3000
20230405	01:30:05	505b24cd-d693-4727-9c2f-f1a9421b85d4	GET	/quiz	http://localhost:3000
20230405	01:32:22	1cdccead-9ec8-48e8-88f2-ac1e5f70222b	GET	/quiz	http://localhost:3000
20230405	01:32:22	903f7637-611c-4237-ac2c-96066cb405b7	GET	/quiz	http://localhost:3000
20230405	01:37:16	f743c5d8-8611-4fee-b47b-936cacdb2b99	GET	/quiz	http://localhost:3000
20230405	01:37:16	f0520bb0-7550-4c82-a2e4-e6ffb4c8354f	GET	/quiz	http://localhost:3000
20230405	01:38:11	0957d645-be5c-46d6-bf86-a9903f507f06	GET	/quiz	http://localhost:3000
20230405	01:38:11	1a89ce40-fb8e-4bbb-b390-7d347e6a6099	GET	/quiz	http://localhost:3000
20230405	01:39:06	0f901efa-8d7c-4faa-9cc6-98fb5c708bda	GET	/quiz	http://localhost:3000
20230405	01:39:06	e9da2341-fad3-423f-ac86-f66025d0ed6a	GET	/quiz	http://localhost:3000
20230405	01:39:39	988099ee-637a-4a82-94ab-ba838d246277	GET	/quiz	http://localhost:3000
20230405	01:39:39	dc4821f7-f89b-47cf-9a88-7eea92cbe35f	GET	/quiz	http://localhost:3000
20230405	01:46:59	c1cab8aa-1d82-4c54-8550-ddb39b1bda3d	GET	/quiz	http://localhost:3000
20230405	01:46:59	59835d88-6eda-4f7d-beaa-040470390e1a	GET	/quiz	http://localhost:3000
20230405	02:10:45	7e0b22d2-958a-4371-a244-666edc9850c6	GET	/quiz	http://localhost:3000
20230405	02:10:45	7a3e2bf2-4132-4f10-bbc1-a62c9e6d4d1e	GET	/quiz	http://localhost:3000
20230405	02:12:40	bdc04104-0baf-4229-b35f-144a7341a940	GET	/quiz	http://localhost:3000
20230405	02:12:40	034f514d-48b4-4963-99c7-c7dded92d6f0	GET	/quiz	http://localhost:3000
20230405	02:14:18	296838cd-d48c-43ef-98a2-6dc746643914	GET	/quiz	http://localhost:3000
20230405	02:14:18	1122262c-2818-45fd-bf66-ff6dc120dbc0	GET	/quiz	http://localhost:3000
20230405	02:19:52	4df549ac-20f9-41e3-874c-5b88b9b831e9	GET	/quiz	http://localhost:3000
20230405	02:19:52	31e03424-2cfa-448a-8d8b-5bf2458ebd16	GET	/quiz	http://localhost:3000
20230405	02:27:36	f86feac0-8619-4c6a-b3c0-f608595b65aa	GET	/quiz	http://localhost:3000
20230405	02:27:36	0ff9e37a-5e24-4658-b69b-4d168d50c6df	GET	/quiz	http://localhost:3000
20230405	02:28:27	9d9e02c3-6dc0-4393-89e1-4943fbd64931	GET	/quiz	http://localhost:3000
20230405	02:28:27	85805f69-279d-44fb-8faf-d4dce19aa85e	GET	/quiz	http://localhost:3000
20230405	02:28:42	6fd9e9a3-c5cc-44d6-acfb-c8344d1160bb	GET	/quiz	http://localhost:3000
20230405	02:28:42	c9c32919-f3b2-424a-b682-25e6d8456d7c	GET	/quiz	http://localhost:3000
20230405	02:30:15	f61b5c50-5132-4888-bb1e-c1d942f895e3	GET	/quiz	http://localhost:3000
20230405	02:30:15	ea83c2e6-19cb-45c7-82a5-c982ab87982e	GET	/quiz	http://localhost:3000
20230405	02:31:28	6f347dc4-8da9-4568-a3fd-1cf3f81fbc6f	GET	/quiz	http://localhost:3000
20230405	02:31:28	dd038df7-9fb4-4989-9249-cc8fb81331a5	GET	/quiz	http://localhost:3000
20230405	02:31:35	b4645168-cd04-4c8e-aaf2-06083d41cad8	GET	/quiz	http://localhost:3000
20230405	02:31:35	b82b72c9-f356-4dda-b3ec-8b19d50b15c5	GET	/quiz	http://localhost:3000
20230405	02:32:11	4661bbda-1b78-45db-8935-9123750b1c37	GET	/quiz	http://localhost:3000
20230405	02:32:11	358ab5f9-f6a1-45d6-afd6-224f2c876dd5	GET	/quiz	http://localhost:3000
20230405	12:16:39	2cf260ff-e132-434a-9dd4-2284e4c6e1ff	GET	/quiz	http://localhost:3000
20230405	12:16:39	79b8e2d1-0357-4bfb-94a5-71aef12fdefe	GET	/quiz	http://localhost:3000
20230405	12:16:39	b059280e-af34-4c1d-bc4a-e83b65d5f2f3	GET	/quiz	http://localhost:3000
20230405	12:16:39	48b3065d-293e-4d46-a081-e1ff3bc70226	GET	/quiz	http://localhost:3000
20230405	12:16:43	eb8a15ec-053d-4029-b5ba-3d8ade1f632a	GET	/quiz	http://localhost:3000
20230405	12:17:31	19662014-75a9-40ff-bc75-db3a3edbb2e3	GET	/quiz	http://localhost:3000
20230405	12:17:31	8e5141e7-8250-42ba-b771-47e56e32229d	GET	/quiz	http://localhost:3000
20230405	12:17:31	30773855-16c1-4609-a5e3-e84781e15841	GET	/quiz	http://localhost:3000
20230405	12:17:31	6248374d-b3ca-4512-b70b-808fc3c7537d	GET	/quiz	http://localhost:3000
20230405	12:30:41	bf550d51-d3fc-43f2-8b21-ddb064583647	GET	/quiz	http://localhost:3000
20230405	12:30:41	ed575dd3-9aa5-4532-863c-2428f1dbbf7b	GET	/quiz	http://localhost:3000
20230405	12:32:12	9d97641a-006e-428d-9da3-164caeeb59ca	GET	/quiz	http://localhost:3000
20230405	12:32:12	0507fd01-b839-4459-8177-46ad7d7a8c65	GET	/quiz	http://localhost:3000
20230405	12:32:51	dccb59dd-b338-44b0-bf7e-54fc4e8cb273	GET	/quiz	http://localhost:3000
20230405	12:32:51	1d866e79-4dec-48fc-98a7-72e47554f1e0	GET	/quiz	http://localhost:3000
20230405	12:40:11	324fb77c-b62c-415f-86da-4d618d9b03ea	GET	/quiz	http://localhost:3000
20230405	12:40:11	3ae28396-1242-48ac-b966-dd5c57fef1b8	GET	/quiz	http://localhost:3000
20230405	12:45:11	56fbd3ea-09e2-43b0-b4d5-a82d74678dc6	GET	/quiz	http://localhost:3000
20230405	12:45:11	c0cffc5c-dcda-4e96-a564-aa40686382f0	GET	/quiz	http://localhost:3000
20230405	12:45:21	3a6b22bf-c194-4254-9e2e-9e82ce883768	GET	/quiz	http://localhost:3000
20230405	12:45:21	146bf186-c48b-48d7-9de2-caeb1d024575	GET	/quiz	http://localhost:3000
20230405	12:46:33	5e8aefa8-5269-4701-bcda-45715144e6c3	GET	/quiz	http://localhost:3000
20230405	12:46:33	88a581b5-ec5c-4dfb-abac-cc56aef2cb3c	GET	/quiz	http://localhost:3000
20230405	12:57:29	3bec4371-2c42-4c47-9d69-cee0ff19161c	GET	/quiz	http://localhost:3000
20230405	12:57:29	061cd277-dff5-4f4f-906f-d1dffb789836	GET	/quiz	http://localhost:3000
20230405	13:01:17	4571b0fb-7194-4973-a71d-19f245c26984	GET	/quiz	http://localhost:3000
20230405	13:01:17	b24a9b26-b894-491d-8ab0-d49df2680952	GET	/quiz	http://localhost:3000
20230405	13:10:59	33905ebb-7257-43f8-a33a-8dab97d04334	GET	/quiz	http://localhost:3000
20230405	13:10:59	dbf1f02d-771b-4aef-aa91-b9d07a5181d0	GET	/quiz	http://localhost:3000
20230405	13:12:30	ef3e88a8-782a-4982-9364-ada079113b29	GET	/quiz	http://localhost:3000
20230405	13:12:30	b21856f3-ca8e-49b0-87ab-aaaa73507c76	GET	/quiz	http://localhost:3000
20230405	13:13:18	111a8812-9b37-4ec9-818a-2919efe4f7cc	GET	/quiz	http://localhost:3000
20230405	13:13:18	02bdf2dd-36be-423b-9131-1212e9c87b98	GET	/quiz	http://localhost:3000
20230405	13:14:17	46ce9122-e940-4100-9393-a60895952de9	GET	/quiz	http://localhost:3000
20230405	13:14:17	147cc2f4-76c5-46a2-89f3-f29cf350e7c5	GET	/quiz	http://localhost:3000
20230405	13:19:53	0494d735-edf3-496a-a354-913888cabfc4	GET	/quiz	http://localhost:3000
20230405	13:19:53	e0261493-c991-4e2e-acf1-4cefc74c3cd0	GET	/quiz	http://localhost:3000
20230405	13:33:08	4797e70b-3a04-4b9e-b3c3-231f337dc928	GET	/quiz	http://localhost:3000
20230405	13:33:08	aed5cb4a-382d-4210-99fe-1f4f22594052	GET	/quiz	http://localhost:3000
20230405	13:33:43	c14ef39b-b5f6-46c1-9c27-a6439e7586da	GET	/quiz	http://localhost:3000
20230405	13:33:43	b49c0fae-b3f6-4eaf-b840-ce4a0655b542	GET	/quiz	http://localhost:3000
20230405	13:34:07	d585d2cc-e4a5-40f0-8378-fa5a571ad695	GET	/quiz	http://localhost:3000
20230405	13:34:07	64c26fc6-6318-413a-9bc8-adcde1f97a06	GET	/quiz	http://localhost:3000
20230405	13:42:20	b8b7c170-65b3-44b7-98d4-e9beeb083e24	GET	/quiz	http://localhost:3000
20230405	13:42:20	21c79fb0-6a0d-4bd9-bfca-0de782d988a7	GET	/quiz	http://localhost:3000
20230405	13:42:29	ce57c515-0ac3-4242-8199-489682462986	GET	/quiz	http://localhost:3000
20230405	13:42:29	fb0f8eb0-fcf6-49bf-8dfa-879f42b53a52	GET	/quiz	http://localhost:3000
20230405	13:42:29	47e9dcfe-e5f3-4c57-a6a8-6fed45ddeeaa	GET	/quiz	http://localhost:3000
20230405	13:42:29	f845fdc0-debe-4bf4-ac0d-aa7f5a395714	GET	/quiz	http://localhost:3000
20230405	13:43:29	01e3503e-3418-45cf-b8e8-9528d144be69	GET	/quiz	http://localhost:3000
20230405	13:43:29	8f47b9d0-7692-41fa-88b8-1b13f32c281f	GET	/quiz	http://localhost:3000
20230405	13:43:29	5c8fb444-eb1d-4c08-9550-d73600bb240d	GET	/quiz	http://localhost:3000
20230405	13:43:29	6d5f1c27-defb-4502-a75b-9b9e07e40ea3	GET	/quiz	http://localhost:3000
20230405	13:55:00	a384bd5d-45d7-403d-927c-21dff4d63d5d	GET	/quiz	http://localhost:3000
20230405	13:55:00	6c44989e-4269-43fa-8e5d-de34c15dcfec	GET	/quiz	http://localhost:3000
20230405	14:06:53	120ad339-4f35-441a-a08e-6049aebd86e5	OPTIONS	/quiz	http://localhost:3000
20230405	14:06:53	af7ae445-9266-41e4-a2ee-50b4e0170dec	POST	/quiz	http://localhost:3000
20230405	14:10:33	9637b411-775f-4fdf-a901-2cf495ca400f	GET	/quiz	http://localhost:3000
20230405	14:10:33	ddd8028d-e16b-4d89-9afb-a69c4f81a8bb	GET	/quiz	http://localhost:3000
20230405	14:12:03	4d8a992d-09f7-4404-9690-df6168d55cb6	OPTIONS	/quiz	http://localhost:3000
20230405	14:12:03	7024aecf-3e79-48f3-a8f1-017e4aaf00f6	POST	/quiz	http://localhost:3000
20230405	14:12:12	07637c2c-ed05-49db-a617-73d507198a42	GET	/quiz	http://localhost:3000
20230405	14:21:35	bc49a0cd-bddc-4a9d-bc7d-c9b02505bb89	GET	/quiz	http://localhost:3000
20230405	14:21:35	9a6fff43-d13a-4c32-b871-09e61eb5c03c	GET	/quiz	http://localhost:3000
20230405	14:21:54	eda6f587-e35d-445c-af30-e8ff12232e1c	OPTIONS	/answere	http://localhost:3000
20230405	14:21:54	059c0338-475e-479d-a04c-70b84639d40c	POST	/answere	http://localhost:3000
20230405	14:23:22	54289b75-e08f-475a-8cf1-118c0b9625d8	OPTIONS	/answere	http://localhost:3000
20230405	14:23:22	d04d26cd-cf57-4a8a-9b7a-7f36aff7a086	POST	/answere	http://localhost:3000
20230405	14:31:03	0488727c-82e9-4271-9937-21f6ad33f9f7	GET	/quiz	http://localhost:3000
20230405	14:31:03	9d5838c2-aa7f-4943-a099-60454d8d3231	GET	/quiz	http://localhost:3000
20230405	14:42:17	ac9724db-b264-412f-b4c1-4736537d1457	GET	/quiz	http://localhost:3000
20230405	14:42:17	5701b560-c1fc-40d2-ad4d-f639d25f7e3d	GET	/quiz	http://localhost:3000
20230405	14:42:26	216dabd4-d4fe-4bda-81e0-280a6043116a	GET	/	undefined
20230405	14:42:26	415ba49d-65fd-491a-b305-1f0e7575f0a7	GET	/favicon.ico	undefined
20230405	14:42:34	e4b8a320-b2cb-40b0-a172-b7ea8459ffe1	GET	/answere	undefined
20230405	14:43:51	2adb3138-30b9-48d7-9e9c-4fb6f6cfabdf	OPTIONS	/answere	http://localhost:3000
20230405	14:43:51	dff15071-3625-41cf-9990-f3b17d9ae383	POST	/answere	http://localhost:3000
20230405	14:44:21	dedbf8fc-fd5e-4029-b522-da8db01f0bee	OPTIONS	/answere	http://localhost:3000
20230405	14:44:21	033eba4d-fe26-4d82-9e73-7a243d0b7b43	PATCH	/answere	http://localhost:3000
20230405	14:44:26	ff37899b-d067-4f43-a03b-f96ee5982cb9	GET	/answere	undefined
20230405	14:44:52	b5dd4c7d-21a4-4e7a-b774-d8872c64a3be	GET	/answere	undefined
20230405	14:44:52	bc144603-8b08-49a3-9cbf-d2f9732ebdcd	GET	/answere	undefined
20230405	14:44:56	55ebd472-eae7-46f7-9f16-45599479643b	OPTIONS	/answere	http://localhost:3000
20230405	14:44:56	eac6d2a3-5513-45b8-9d0a-597c4008d321	PATCH	/answere	http://localhost:3000
20230405	14:44:59	a0c4a882-3408-468a-a484-3fd598923c63	GET	/answere	undefined
20230405	14:45:29	4714f870-ae1b-4563-bee9-11b81350d3cf	GET	/quiz	http://localhost:3000
20230405	14:45:29	675bc14c-d250-4593-81f6-b87d7d46e8d2	GET	/quiz	http://localhost:3000
20230405	14:45:37	5cc9dbe5-97ab-4c50-b96e-8433151888a5	GET	/quiz	http://localhost:3000
20230405	14:45:37	8761b767-b341-41e4-a48b-5306363c63c1	GET	/quiz	http://localhost:3000
20230405	14:45:40	5f7f430a-409b-4b2e-9b53-b3c4e7d3d17c	GET	/answere	undefined
20230405	14:46:00	e61237ab-bd2a-417d-8c19-0a44d38095bc	OPTIONS	/answere	http://localhost:3000
20230405	14:46:00	e1c236b9-e8ca-461d-a508-c64a92e3b6da	POST	/answere	http://localhost:3000
20230405	14:46:35	189325bf-2192-4642-8a13-d1f7bc570410	OPTIONS	/answere	http://localhost:3000
20230405	14:46:35	93b9edad-7b6f-41cd-b149-15a50f593e21	PATCH	/answere	http://localhost:3000
20230405	14:52:58	c9c86584-b016-4c63-bcab-ed384bfb1503	GET	/quiz	http://localhost:3000
20230405	14:52:58	a89ec917-9dd7-4352-bf50-9bdba350adff	GET	/quiz	http://localhost:3000
20230405	14:53:13	b42211ac-4301-463e-b213-597e4df1295d	OPTIONS	/answere	http://localhost:3000
20230405	14:53:13	fb546152-948f-4adf-809d-019cf3066328	POST	/answere	http://localhost:3000
20230405	14:57:06	f63d684e-7b59-41e7-add2-64a531207321	OPTIONS	/answere	http://localhost:3000
20230405	14:57:06	c347502a-a0bb-4071-95f0-11d668bf048d	PATCH	/answere	http://localhost:3000
20230405	14:57:27	ba6a7775-a01c-49b2-a7b5-adb5ab635ea2	GET	/answere	undefined
20230405	15:07:23	1a23e457-3835-4601-8aed-df5c4291b909	GET	/quiz	http://localhost:3000
20230405	15:07:24	d2bbc971-1f0a-477d-8b07-b4fa23519f19	GET	/quiz	http://localhost:3000
20230405	15:07:24	ab4005f2-7ee7-401e-b5ec-5266c4ce0fce	GET	/quiz	http://localhost:3000
20230405	15:07:24	987b9d18-cc35-460d-850c-a293f3058d10	GET	/quiz	http://localhost:3000
20230405	15:10:15	2ff362e7-06cf-499d-a184-eff6219a88ec	OPTIONS	/quiz	http://localhost:3000
20230405	15:10:15	8851af46-6f9b-4775-80e1-5f81c904810a	POST	/quiz	http://localhost:3000
20230405	15:10:22	1a02af48-febe-4dcc-9948-95ed32903083	GET	/quiz	http://localhost:3000
20230405	15:10:46	e188556c-044a-435f-9d70-2f84a69ed859	OPTIONS	/answere	http://localhost:3000
20230405	15:10:46	288c33f0-29a2-4d6c-979d-e19640577c5b	POST	/answere	http://localhost:3000
20230405	15:11:02	816f165b-e50b-4f09-91f9-f96bfab4e54f	OPTIONS	/answere	http://localhost:3000
20230405	15:11:02	8c24ec8b-5ee0-4088-a3a2-44f91dd18fc4	PATCH	/answere	http://localhost:3000
